#
# A fatal error has been detected by the Java Runtime Environment:
#
#  EXCEPTION_ACCESS_VIOLATION (0xc0000005) at pc=0x00007ffd758b5bb6, pid=11580, tid=11444
#
# JRE version: OpenJDK Runtime Environment (21.0.5+11) (build 21.0.5+11-LTS)
# Java VM: OpenJDK 64-Bit Server VM (21.0.5+11-LTS, mixed mode, sharing, tiered, compressed oops, compressed class ptrs, g1 gc, windows-amd64)
# Problematic frame:
# C  [ntdll.dll+0x25bb6]
#
# No core dump will be written. Minidumps are not enabled by default on client versions of Windows
#
# If you would like to submit a bug report, please visit:
#   https://axiomjdk.ru/support
# The crash happened outside the Java Virtual Machine in native code.
# See problematic frame for where to report the bug.
#

---------------  S U M M A R Y ------------

Command Line: -javaagent:C:\JetBrains\IntelliJ IDEA 2025.1\lib\idea_rt.jar=61184 -Dfile.encoding=UTF-8 -Dsun.stdout.encoding=UTF-8 -Dsun.stderr.encoding=UTF-8 ru.miacomsoft.JavaCVCameraWithContrast

Host: Intel(R) N95, 4 cores, 15G,  Windows 10 , 64 bit Build 19041 (10.0.19041.5915)
Time: Fri Feb  6 21:03:42 2026  Windows 10 , 64 bit Build 19041 (10.0.19041.5915) elapsed time: 47.141441 seconds (0d 0h 0m 47s)

---------------  T H R E A D  ---------------

Current thread (0x000001e4876bb0a0):  JavaThread "Thread-0"         [_thread_in_native, id=11444, stack(0x000000df40500000,0x000000df40600000) (1024K)]

Stack: [0x000000df40500000,0x000000df40600000],  sp=0x000000df405fefa0,  free space=1019k
Native frames: (J=compiled Java code, j=interpreted, Vv=VM code, C=native code)
C  [ntdll.dll+0x25bb6]
C  [ntdll.dll+0x247b1]
C  0x00007ffcef7334f4

Java frames: (J=compiled Java code, j=interpreted, Vv=VM code)
j  org.bytedeco.videoinput.videoInput.stopDevice(I)V+0
j  org.bytedeco.javacv.VideoInputFrameGrabber.stop()V+15
j  ru.miacomsoft.JavaCVCameraWithContrast.stopCamera()V+13
j  ru.miacomsoft.JavaCVCameraWithContrast.lambda$startCamera$13(IILjavax/swing/JLabel;Ljavax/swing/JLabel;ILjavax/swing/JLabel;Ljavax/swing/JLabel;)V+341
j  ru.miacomsoft.JavaCVCameraWithContrast$$Lambda+0x000001e443146850.run()V+28
j  java.lang.Thread.runWith(Ljava/lang/Object;Ljava/lang/Runnable;)V+5 java.base@21.0.5
j  java.lang.Thread.run()V+19 java.base@21.0.5
v  ~StubRoutines::call_stub 0x000001e43241100d

siginfo: EXCEPTION_ACCESS_VIOLATION (0xc0000005), reading address 0x000001e4be99503f


Registers:
RAX=0x0000000000000000, RBX=0x000001e420ea0000, RCX=0x000001e420ea0000, RDX=0x000001e4be995040
RSP=0x000000df405fefa0, RBP=0x0000000000000000, RSI=0x000001e420ea0000, RDI=0x0000000000000000
R8 =0x0000000000000000, R9 =0x0000000000000000, R10=0x000001e4bcf90a58, R11=0x000000df405fef60
R12=0x0000000000000000, R13=0x000001e4be995040, R14=0x000001e4be995030, R15=0x000001e4876bb0a0
RIP=0x00007ffd758b5bb6, EFLAGS=0x0000000000010246


Register to memory mapping:

RAX=0x0 is null
RBX=0x000001e420ea0000 points into unknown readable memory: 0x0000000000000000 | 00 00 00 00 00 00 00 00
RCX=0x000001e420ea0000 points into unknown readable memory: 0x0000000000000000 | 00 00 00 00 00 00 00 00
RDX=0x000001e4be995040 is an unknown value
RSP=0x000000df405fefa0 is pointing into the stack for thread: 0x000001e4876bb0a0
RBP=0x0 is null
RSI=0x000001e420ea0000 points into unknown readable memory: 0x0000000000000000 | 00 00 00 00 00 00 00 00
RDI=0x0 is null
R8 =0x0 is null
R9 =0x0 is null
R10=0x000001e4bcf90a58 points into unknown readable memory: 0xffffffffffffffff | ff ff ff ff ff ff ff ff
R11=0x000000df405fef60 is pointing into the stack for thread: 0x000001e4876bb0a0
R12=0x0 is null
R13=0x000001e4be995040 is an unknown value
R14=0x000001e4be995030 is an unknown value
R15=0x000001e4876bb0a0 is a thread

Top of Stack: (sp=0x000000df405fefa0)
0x000000df405fefa0:   00007ffcef7495b0 00007ffcef7304fe
0x000000df405fefb0:   00007ffcef756098 0000000000000000
0x000000df405fefc0:   000001e4876c6900 000000df405ff020
0x000000df405fefd0:   000001e4c0558cb0 0000000000000003
0x000000df405fefe0:   0000000000000000 000001e4bd0081c0
0x000000df405feff0:   0000000000000000 00007ffcef7561b0
0x000000df405ff000:   000001e48beb2540 000001e420ea0001
0x000000df405ff010:   0000000000000000 00007ffd343c6a00
0x000000df405ff020:   00007ffcef756098 00007ffcef756098
0x000000df405ff030:   000001e4876bb0a0 000000df405ff1e0
0x000000df405ff040:   000001e48458b6d0 0000000000000000
0x000000df405ff050:   000001e4be995040 00007ffd758b47b1
0x000000df405ff060:   00007ffcef7495b0 000001e420ea0000
0x000000df405ff070:   000000df405ff1b8 0000000000000000
0x000000df405ff080:   0000000000000000 0000000000000024
0x000000df405ff090:   000001e48becd460 00007ffcef7334f4
0x000000df405ff0a0:   000001e48bd919f0 0000000000000000
0x000000df405ff0b0:   000001e48becd460 0000000000000000
0x000000df405ff0c0:   000001e48bd919f0 00007ffcef7119a0
0x000000df405ff0d0:   00007ffcef7495b0 0000000000000000
0x000000df405ff0e0:   0000000000000001 000000000000000a
0x000000df405ff0f0:   000001e48becd460 00007ffcef71cae9
0x000000df405ff100:   000001e48bd919f0 0000000000000000
0x000000df405ff110:   0000007341d0f8a3 00007ffd340f1dc5
0x000000df405ff120:   000000df405ff1e0 0000000000000345
0x000000df405ff130:   0000000000000110 000001e43241ce4b
0x000000df405ff140:   000001e4876bb458 000001e48458b6d0
0x000000df405ff150:   00000000000f4240 000001e48a3afd30
0x000000df405ff160:   000001e4876bb0a0 0000000000000000
0x000000df405ff170:   000000df405ff170 0000000000000000
0x000000df405ff180:   0000000000000005 000001e48458d318
0x000000df405ff190:   0000000000000000 00000007086c40f8 

Instructions: (pc=0x00007ffd758b5bb6)
0x00007ffd758b5ab6:   85 c0 0f 85 d3 16 08 00 b9 80 03 fe 7f 40 38 39
0x00007ffd758b5ac6:   0f 84 2f fe ff ff e9 dc 16 08 00 45 33 c0 48 8b
0x00007ffd758b5ad6:   d3 49 8b ce e8 c1 0e fe ff e8 6c ed ff ff 85 c0
0x00007ffd758b5ae6:   0f 85 6b 17 08 00 b9 80 03 fe 7f 40 38 39 0f 84
0x00007ffd758b5af6:   01 fe ff ff e9 74 17 08 00 41 b8 02 00 00 00 e9
0x00007ffd758b5b06:   60 fc ff ff f7 41 74 00 00 00 01 75 4e f6 41 78
0x00007ffd758b5b16:   01 0f 85 fd 17 08 00 41 f6 c5 0f 0f 84 87 00 00
0x00007ffd758b5b26:   00 45 33 c9 48 89 7c 24 28 4d 8b c5 48 89 7c 24
0x00007ffd758b5b36:   20 48 8b d6 41 8d 49 09 e8 b9 85 0e 00 4d 85 f6
0x00007ffd758b5b46:   0f 84 db 17 08 00 41 80 7d ff 05 0f 84 01 18 08
0x00007ffd758b5b56:   00 41 38 7e 0f 0f 8c 66 19 08 00 8b d5 4d 8b cd
0x00007ffd758b5b66:   83 ca 02 4d 8b c6 48 8b ce e8 8c 00 00 00 44 0f
0x00007ffd758b5b76:   b6 f8 84 c0 0f 84 9b fd ff ff 48 8b 84 24 e0 00
0x00007ffd758b5b86:   00 00 48 85 c0 74 03 66 89 38 4d 85 e4 74 04 49
0x00007ffd758b5b96:   89 3c 24 48 8b ce e8 7f ec ff ff 85 c0 0f 84 72
0x00007ffd758b5ba6:   fd ff ff e9 6a 1e 08 00 4c 8d 72 f0 41 0f 0d 0e
0x00007ffd758b5bb6:   41 80 7e 0f 05 75 0c 41 0f b6 46 0e 48 c1 e0 04
0x00007ffd758b5bc6:   4c 2b f0 41 f6 46 0f 3f 0f 85 6f ff ff ff 45 33
0x00007ffd758b5bd6:   c9 48 89 7c 24 28 4d 8b c6 48 89 7c 24 20 48 8b
0x00007ffd758b5be6:   d6 41 8d 49 08 e8 0c 85 0e 00 4c 8b f7 e9 4b ff
0x00007ffd758b5bf6:   ff ff cc cc cc cc cc cc cc cc 48 89 5c 24 10 48
0x00007ffd758b5c06:   89 74 24 20 4c 89 44 24 18 48 89 4c 24 08 57 41
0x00007ffd758b5c16:   54 41 55 41 56 41 57 48 81 ec 80 01 00 00 4d 8b
0x00007ffd758b5c26:   f8 8b fa 48 8b d9 41 b4 01 44 88 64 24 41 c6 44
0x00007ffd758b5c36:   24 40 00 c7 44 24 74 01 00 00 00 45 33 ed 4c 89
0x00007ffd758b5c46:   ac 24 88 00 00 00 66 44 89 6c 24 44 49 3b c8 75
0x00007ffd758b5c56:   39 4c 89 6c 24 28 4c 89 6c 24 20 45 33 c9 48 8b
0x00007ffd758b5c66:   d1 41 8d 4d 09 e8 8c 84 0e 00 33 c0 4c 8d 9c 24
0x00007ffd758b5c76:   80 01 00 00 49 8b 5b 38 49 8b 73 48 49 8b e3 41
0x00007ffd758b5c86:   5f 41 5e 41 5d 41 5c 5f c3 cc 0b 79 74 f7 c7 60
0x00007ffd758b5c96:   0f 01 7d 74 28 45 32 e4 44 88 64 24 41 41 b8 04
0x00007ffd758b5ca6:   00 00 00 f7 c7 00 00 00 61 74 18 0f ba e7 1c 72 


Stack slot to memory mapping:

stack at sp + 0 slots: 0x00007ffcef7495b0 points into unknown readable memory: 0x66203a5055544553 | 53 45 54 55 50 3a 20 66
stack at sp + 1 slots: 0x00007ffcef7304fe points into unknown readable memory: 8b f8
stack at sp + 2 slots: 0x00007ffcef756098 points into unknown readable memory: 0x000001e4899be524 | 24 e5 9b 89 e4 01 00 00
stack at sp + 3 slots: 0x0 is null
stack at sp + 4 slots: 0x000001e4876c6900 points into unknown readable memory: 0x0000000000000000 | 00 00 00 00 00 00 00 00
stack at sp + 5 slots: 0x000000df405ff020 is pointing into the stack for thread: 0x000001e4876bb0a0
stack at sp + 6 slots: 0x000001e4c0558cb0 points into unknown readable memory: 0x000001e420dd2ac0 | c0 2a dd 20 e4 01 00 00
stack at sp + 7 slots: 0x0000000000000003 is an unknown value


---------------  P R O C E S S  ---------------

Threads class SMR info:
_java_thread_list=0x000001e48a0c2f70, length=25, elements={
0x000001e4419abc40, 0x000001e4419aca40, 0x000001e4419b1ff0, 0x000001e4419b5bf0,
0x000001e4419b6910, 0x000001e4419b4ed0, 0x000001e4419c3460, 0x000001e4419e3cc0,
0x000001e4419b7cc0, 0x000001e4419b7630, 0x000001e4419b5560, 0x000001e4419b6fa0,
0x000001e4419b8350, 0x000001e4419b6280, 0x000001e4876b6f00, 0x000001e4876b54c0,
0x000001e4876b82b0, 0x000001e4876ba380, 0x000001e4876b4e30, 0x000001e4876b8940,
0x000001e4876b8fd0, 0x000001e4876bb0a0, 0x000001e4876b7c20, 0x000001e4876b5b50,
0x000001e4876b61e0
}

Java Threads: ( => current thread )
  0x000001e4419abc40 JavaThread "Reference Handler"          daemon [_thread_blocked, id=15772, stack(0x000000df3f300000,0x000000df3f400000) (1024K)]
  0x000001e4419aca40 JavaThread "Finalizer"                  daemon [_thread_blocked, id=15716, stack(0x000000df3f400000,0x000000df3f500000) (1024K)]
  0x000001e4419b1ff0 JavaThread "Signal Dispatcher"          daemon [_thread_blocked, id=11976, stack(0x000000df3f500000,0x000000df3f600000) (1024K)]
  0x000001e4419b5bf0 JavaThread "Attach Listener"            daemon [_thread_blocked, id=12940, stack(0x000000df3f600000,0x000000df3f700000) (1024K)]
  0x000001e4419b6910 JavaThread "Service Thread"             daemon [_thread_blocked, id=14008, stack(0x000000df3f700000,0x000000df3f800000) (1024K)]
  0x000001e4419b4ed0 JavaThread "Monitor Deflation Thread"   daemon [_thread_blocked, id=15404, stack(0x000000df3f800000,0x000000df3f900000) (1024K)]
  0x000001e4419c3460 JavaThread "C2 CompilerThread0"         daemon [_thread_blocked, id=11696, stack(0x000000df3f900000,0x000000df3fa00000) (1024K)]
  0x000001e4419e3cc0 JavaThread "C1 CompilerThread0"         daemon [_thread_blocked, id=14876, stack(0x000000df3fa00000,0x000000df3fb00000) (1024K)]
  0x000001e4419b7cc0 JavaThread "Common-Cleaner"             daemon [_thread_blocked, id=8144, stack(0x000000df3fb00000,0x000000df3fc00000) (1024K)]
  0x000001e4419b7630 JavaThread "Monitor Ctrl-Break"         daemon [_thread_in_native, id=14340, stack(0x000000df3fc00000,0x000000df3fd00000) (1024K)]
  0x000001e4419b5560 JavaThread "Notification Thread"        daemon [_thread_blocked, id=15752, stack(0x000000df3fd00000,0x000000df3fe00000) (1024K)]
  0x000001e4419b6fa0 JavaThread "Java2D Disposer"            daemon [_thread_blocked, id=5264, stack(0x000000df3fe00000,0x000000df3ff00000) (1024K)]
  0x000001e4419b8350 JavaThread "AWT-Shutdown"                      [_thread_blocked, id=13952, stack(0x000000df3ff00000,0x000000df40000000) (1024K)]
  0x000001e4419b6280 JavaThread "AWT-Windows"                daemon [_thread_in_native, id=16192, stack(0x000000df40000000,0x000000df40100000) (1024K)]
  0x000001e4876b6f00 JavaThread "AWT-EventQueue-0"                  [_thread_in_native, id=15428, stack(0x000000df40100000,0x000000df40200000) (1024K)]
  0x000001e4876b54c0 JavaThread "DestroyJavaVM"                     [_thread_blocked, id=10388, stack(0x000000df3eb00000,0x000000df3ec00000) (1024K)]
  0x000001e4876b82b0 JavaThread "TimerQueue"                 daemon [_thread_blocked, id=5080, stack(0x000000df40600000,0x000000df40700000) (1024K)]
  0x000001e4876ba380 JavaThread "RMI TCP Accept-0"           daemon [_thread_in_native, id=11404, stack(0x000000df40700000,0x000000df40800000) (1024K)]
  0x000001e4876b4e30 JavaThread "RMI TCP Connection(idle)"   daemon [_thread_blocked, id=9528, stack(0x000000df40800000,0x000000df40900000) (1024K)]
  0x000001e4876b8940 JavaThread "RMI Scheduler(0)"           daemon [_thread_blocked, id=10928, stack(0x000000df40900000,0x000000df40a00000) (1024K)]
  0x000001e4876b8fd0 JavaThread "JMX server connection timeout 36" daemon [_thread_blocked, id=12744, stack(0x000000df40a00000,0x000000df40b00000) (1024K)]
=>0x000001e4876bb0a0 JavaThread "Thread-0"                          [_thread_in_native, id=11444, stack(0x000000df40500000,0x000000df40600000) (1024K)]
  0x000001e4876b7c20 JavaThread "JavaCPP Deallocator"        daemon [_thread_blocked, id=5048, stack(0x000000df40c00000,0x000000df40d00000) (1024K)]
  0x000001e4876b5b50 JavaThread "RMI TCP Connection(2)-172.29.32.1" daemon [_thread_in_native, id=13412, stack(0x000000df41200000,0x000000df41300000) (1024K)]
  0x000001e4876b61e0 JavaThread "Thread-1"                          [_thread_blocked, id=14324, stack(0x000000df41700000,0x000000df41800000) (1024K)]
Total: 25

Other Threads:
  0x000001e441986ea0 VMThread "VM Thread"                           [id=15548, stack(0x000000df3f200000,0x000000df3f300000) (1024K)]
  0x000001e44197b3c0 WatcherThread "VM Periodic Task Thread"        [id=6804, stack(0x000000df3f100000,0x000000df3f200000) (1024K)]
  0x000001e421050140 WorkerThread "GC Thread#0"                     [id=15268, stack(0x000000df3ec00000,0x000000df3ed00000) (1024K)]
  0x000001e441c9db90 WorkerThread "GC Thread#1"                     [id=9284, stack(0x000000df40200000,0x000000df40300000) (1024K)]
  0x000001e441c9df30 WorkerThread "GC Thread#2"                     [id=8360, stack(0x000000df40300000,0x000000df40400000) (1024K)]
  0x000001e441d97110 WorkerThread "GC Thread#3"                     [id=14112, stack(0x000000df40400000,0x000000df40500000) (1024K)]
  0x000001e421060d20 ConcurrentGCThread "G1 Main Marker"            [id=4272, stack(0x000000df3ed00000,0x000000df3ee00000) (1024K)]
  0x000001e4210619d0 WorkerThread "G1 Conc#0"                       [id=3688, stack(0x000000df3ee00000,0x000000df3ef00000) (1024K)]
  0x000001e44184a930 ConcurrentGCThread "G1 Refine#0"               [id=5804, stack(0x000000df3ef00000,0x000000df3f000000) (1024K)]
  0x000001e44184af50 ConcurrentGCThread "G1 Service"                [id=7928, stack(0x000000df3f000000,0x000000df3f100000) (1024K)]
Total: 10

Threads with active compile tasks:
Total: 0

VM state: not at safepoint (normal execution)

VM Mutex/Monitor currently owned by a thread: None

Heap address: 0x0000000704000000, size: 4032 MB, Compressed Oops mode: Zero based, Oop shift amount: 3

CDS archive(s) mapped at: [0x000001e442000000-0x000001e442c80000-0x000001e442c80000), size 13107200, SharedBaseAddress: 0x000001e442000000, ArchiveRelocationMode: 1.
Compressed class space mapped at: 0x000001e443000000-0x000001e483000000, reserved size: 1073741824
Narrow klass base: 0x000001e442000000, Narrow klass shift: 0, Narrow klass range: 0x100000000

GC Precious Log:
 CardTable entry size: 512
 Card Set container configuration: InlinePtr #cards 4 size 8 Array Of Cards #cards 16 size 48 Howl #buckets 8 coarsen threshold 3686 Howl Bitmap #cards 512 size 80 coarsen threshold 460 Card regions per heap region 1 cards per card region 4096
 CPUs: 4 total, 4 available
 Memory: 16123M
 Large Page Support: Disabled
 NUMA Support: Disabled
 Compressed Oops: Enabled (Zero based)
 Heap Region Size: 2M
 Heap Min Capacity: 8M
 Heap Initial Capacity: 252M
 Heap Max Capacity: 4032M
 Pre-touch: Disabled
 Parallel Workers: 4
 Concurrent Workers: 1
 Concurrent Refinement Workers: 4
 Periodic GC: Disabled

Heap:
 garbage-first heap   total 90112K, used 58160K [0x0000000704000000, 0x0000000800000000)
  region size 2048K, 18 young (36864K), 2 survivors (4096K)
 Metaspace       used 24417K, committed 24768K, reserved 1114112K
  class space    used 2207K, committed 2368K, reserved 1048576K

Heap Regions: E=young(eden), S=young(survivor), O=old, HS=humongous(starts), HC=humongous(continues), CS=collection set, F=free, TAMS=top-at-mark-start, PB=parsable bottom
|   0|0x0000000704000000, 0x0000000704200000, 0x0000000704200000|100%| O|  |TAMS 0x0000000704000000| PB 0x0000000704000000| Untracked 
|   1|0x0000000704200000, 0x0000000704400000, 0x0000000704400000|100%| O|  |TAMS 0x0000000704200000| PB 0x0000000704200000| Untracked 
|   2|0x0000000704400000, 0x0000000704400000, 0x0000000704600000|  0%| F|  |TAMS 0x0000000704400000| PB 0x0000000704400000| Untracked 
|   3|0x0000000704600000, 0x0000000704800000, 0x0000000704800000|100%|HS|  |TAMS 0x0000000704600000| PB 0x0000000704600000| Complete 
|   4|0x0000000704800000, 0x0000000704a00000, 0x0000000704a00000|100%|HC|  |TAMS 0x0000000704800000| PB 0x0000000704800000| Complete 
|   5|0x0000000704a00000, 0x0000000704c00000, 0x0000000704c00000|100%|HC|  |TAMS 0x0000000704a00000| PB 0x0000000704a00000| Complete 
|   6|0x0000000704c00000, 0x0000000704e00000, 0x0000000704e00000|100%|HS|  |TAMS 0x0000000704c00000| PB 0x0000000704c00000| Complete 
|   7|0x0000000704e00000, 0x0000000705000000, 0x0000000705000000|100%|HC|  |TAMS 0x0000000704e00000| PB 0x0000000704e00000| Complete 
|   8|0x0000000705000000, 0x0000000705200000, 0x0000000705200000|100%|HC|  |TAMS 0x0000000705000000| PB 0x0000000705000000| Complete 
|   9|0x0000000705200000, 0x00000007053496c0, 0x0000000705400000| 64%| O|  |TAMS 0x0000000705200000| PB 0x0000000705200000| Untracked 
|  10|0x0000000705400000, 0x0000000705600000, 0x0000000705600000|100%|HS|  |TAMS 0x0000000705400000| PB 0x0000000705400000| Complete 
|  11|0x0000000705600000, 0x0000000705800000, 0x0000000705800000|100%|HC|  |TAMS 0x0000000705600000| PB 0x0000000705600000| Complete 
|  12|0x0000000705800000, 0x0000000705a00000, 0x0000000705a00000|100%|HC|  |TAMS 0x0000000705800000| PB 0x0000000705800000| Complete 
|  13|0x0000000705a00000, 0x0000000705a00000, 0x0000000705c00000|  0%| F|  |TAMS 0x0000000705a00000| PB 0x0000000705a00000| Untracked 
|  14|0x0000000705c00000, 0x0000000705c00000, 0x0000000705e00000|  0%| F|  |TAMS 0x0000000705c00000| PB 0x0000000705c00000| Untracked 
|  15|0x0000000705e00000, 0x0000000705e00000, 0x0000000706000000|  0%| F|  |TAMS 0x0000000705e00000| PB 0x0000000705e00000| Untracked 
|  16|0x0000000706000000, 0x0000000706000000, 0x0000000706200000|  0%| F|  |TAMS 0x0000000706000000| PB 0x0000000706000000| Untracked 
|  17|0x0000000706200000, 0x0000000706200000, 0x0000000706400000|  0%| F|  |TAMS 0x0000000706200000| PB 0x0000000706200000| Untracked 
|  18|0x0000000706400000, 0x00000007065829b8, 0x0000000706600000| 75%| S|CS|TAMS 0x0000000706400000| PB 0x0000000706400000| Complete 
|  19|0x0000000706600000, 0x0000000706800000, 0x0000000706800000|100%| S|CS|TAMS 0x0000000706600000| PB 0x0000000706600000| Complete 
|  20|0x0000000706800000, 0x0000000706800000, 0x0000000706a00000|  0%| F|  |TAMS 0x0000000706800000| PB 0x0000000706800000| Untracked 
|  21|0x0000000706a00000, 0x0000000706a00000, 0x0000000706c00000|  0%| F|  |TAMS 0x0000000706a00000| PB 0x0000000706a00000| Untracked 
|  22|0x0000000706c00000, 0x0000000706c00000, 0x0000000706e00000|  0%| F|  |TAMS 0x0000000706c00000| PB 0x0000000706c00000| Untracked 
|  23|0x0000000706e00000, 0x0000000706e00000, 0x0000000707000000|  0%| F|  |TAMS 0x0000000706e00000| PB 0x0000000706e00000| Untracked 
|  24|0x0000000707000000, 0x0000000707000000, 0x0000000707200000|  0%| F|  |TAMS 0x0000000707000000| PB 0x0000000707000000| Untracked 
|  25|0x0000000707200000, 0x0000000707200000, 0x0000000707400000|  0%| F|  |TAMS 0x0000000707200000| PB 0x0000000707200000| Untracked 
|  26|0x0000000707400000, 0x0000000707400000, 0x0000000707600000|  0%| F|  |TAMS 0x0000000707400000| PB 0x0000000707400000| Untracked 
|  27|0x0000000707600000, 0x0000000707600000, 0x0000000707800000|  0%| F|  |TAMS 0x0000000707600000| PB 0x0000000707600000| Untracked 
|  28|0x0000000707800000, 0x00000007078a3428, 0x0000000707a00000| 31%| E|  |TAMS 0x0000000707800000| PB 0x0000000707800000| Complete 
|  29|0x0000000707a00000, 0x0000000707c00000, 0x0000000707c00000|100%| E|CS|TAMS 0x0000000707a00000| PB 0x0000000707a00000| Complete 
|  30|0x0000000707c00000, 0x0000000707e00000, 0x0000000707e00000|100%| E|CS|TAMS 0x0000000707c00000| PB 0x0000000707c00000| Complete 
|  31|0x0000000707e00000, 0x0000000708000000, 0x0000000708000000|100%| E|CS|TAMS 0x0000000707e00000| PB 0x0000000707e00000| Complete 
|  32|0x0000000708000000, 0x0000000708200000, 0x0000000708200000|100%| E|CS|TAMS 0x0000000708000000| PB 0x0000000708000000| Complete 
|  33|0x0000000708200000, 0x0000000708400000, 0x0000000708400000|100%| E|CS|TAMS 0x0000000708200000| PB 0x0000000708200000| Complete 
|  34|0x0000000708400000, 0x0000000708600000, 0x0000000708600000|100%| E|CS|TAMS 0x0000000708400000| PB 0x0000000708400000| Complete 
|  35|0x0000000708600000, 0x0000000708800000, 0x0000000708800000|100%| E|CS|TAMS 0x0000000708600000| PB 0x0000000708600000| Complete 
|  36|0x0000000708800000, 0x0000000708a00000, 0x0000000708a00000|100%| E|CS|TAMS 0x0000000708800000| PB 0x0000000708800000| Complete 
|  37|0x0000000708a00000, 0x0000000708c00000, 0x0000000708c00000|100%| E|CS|TAMS 0x0000000708a00000| PB 0x0000000708a00000| Complete 
|  38|0x0000000708c00000, 0x0000000708e00000, 0x0000000708e00000|100%| E|CS|TAMS 0x0000000708c00000| PB 0x0000000708c00000| Complete 
|  39|0x0000000708e00000, 0x0000000709000000, 0x0000000709000000|100%| E|CS|TAMS 0x0000000708e00000| PB 0x0000000708e00000| Complete 
|  40|0x0000000709000000, 0x0000000709200000, 0x0000000709200000|100%| E|CS|TAMS 0x0000000709000000| PB 0x0000000709000000| Complete 
| 110|0x0000000711c00000, 0x0000000711e00000, 0x0000000711e00000|100%| E|CS|TAMS 0x0000000711c00000| PB 0x0000000711c00000| Complete 
| 111|0x0000000711e00000, 0x0000000712000000, 0x0000000712000000|100%| E|CS|TAMS 0x0000000711e00000| PB 0x0000000711e00000| Complete 
| 125|0x0000000713a00000, 0x0000000713c00000, 0x0000000713c00000|100%| E|CS|TAMS 0x0000000713a00000| PB 0x0000000713a00000| Complete 

Card table byte_map: [0x000001e43ace0000,0x000001e43b4c0000] _byte_map_base: 0x000001e4374c0000

Marking Bits: (CMBitMap*) 0x000001e421050840
 Bits: [0x000001e43b4c0000, 0x000001e43f3c0000)

Polling page: 0x000001e420e40000

Metaspace:

Usage:
  Non-class:     21.69 MB used.
      Class:      2.16 MB used.
       Both:     23.85 MB used.

Virtual space:
  Non-class space:       64.00 MB reserved,      21.88 MB ( 34%) committed,  1 nodes.
      Class space:        1.00 GB reserved,       2.31 MB ( <1%) committed,  1 nodes.
             Both:        1.06 GB reserved,      24.19 MB (  2%) committed. 

Chunk freelists:
   Non-Class:  10.04 MB
       Class:  13.69 MB
        Both:  23.73 MB

MaxMetaspaceSize: unlimited
CompressedClassSpaceSize: 1.00 GB
Initial GC threshold: 21.00 MB
Current GC threshold: 36.06 MB
CDS: on
 - commit_granule_bytes: 65536.
 - commit_granule_words: 8192.
 - virtual_space_node_default_size: 8388608.
 - enlarge_chunks_in_place: 1.
 - use_allocation_guard: 0.


Internal statistics:

num_allocs_failed_limit: 6.
num_arena_births: 414.
num_arena_deaths: 0.
num_vsnodes_births: 2.
num_vsnodes_deaths: 0.
num_space_committed: 385.
num_space_uncommitted: 0.
num_chunks_returned_to_freelist: 6.
num_chunks_taken_from_freelist: 795.
num_chunk_merges: 6.
num_chunk_splits: 556.
num_chunks_enlarged: 365.
num_inconsistent_stats: 0.

CodeHeap 'non-profiled nmethods': size=120000Kb used=1805Kb max_used=1805Kb free=118194Kb
 bounds [0x000001e4329b0000, 0x000001e432c20000, 0x000001e439ee0000]
CodeHeap 'profiled nmethods': size=120000Kb used=7421Kb max_used=7421Kb free=112579Kb
 bounds [0x000001e42aee0000, 0x000001e42b620000, 0x000001e432410000]
CodeHeap 'non-nmethods': size=5760Kb used=2426Kb max_used=2507Kb free=3333Kb
 bounds [0x000001e432410000, 0x000001e432690000, 0x000001e4329b0000]
 total_blobs=4793 nmethods=3528 adapters=1168
 compilation: enabled
              stopped_count=0, restarted_count=0
 full_count=0

Compilation events (20 events):
Event: 46.997 Thread 0x000001e4419e3cc0 3515       3       java.io.DataOutputStream::writeByte (14 bytes)
Event: 46.997 Thread 0x000001e4419c3460 3521       4       java.util.Objects::checkFromIndexSize (8 bytes)
Event: 46.997 Thread 0x000001e4419e3cc0 nmethod 3515 0x000001e42b61ae10 code [0x000001e42b61afc0, 0x000001e42b61b248]
Event: 46.997 Thread 0x000001e4419e3cc0 3519       3       java.lang.StringConcatHelper::prepend (22 bytes)
Event: 46.997 Thread 0x000001e4419e3cc0 nmethod 3519 0x000001e42b61b390 code [0x000001e42b61b560, 0x000001e42b61b7f0]
Event: 46.997 Thread 0x000001e4419e3cc0 3518       3       java.lang.StringConcatHelper::prepend (30 bytes)
Event: 46.997 Thread 0x000001e4419e3cc0 nmethod 3518 0x000001e42b61b910 code [0x000001e42b61bae0, 0x000001e42b61bcb8]
Event: 46.997 Thread 0x000001e4419c3460 nmethod 3521 0x000001e432b72490 code [0x000001e432b72620, 0x000001e432b726e8]
Event: 46.997 Thread 0x000001e4419e3cc0 3520       3       sun.util.logging.internal.LoggingProviderImpl$JULWrapper::log (13 bytes)
Event: 46.997 Thread 0x000001e4419e3cc0 nmethod 3520 0x000001e42b61bd90 code [0x000001e42b61bf40, 0x000001e42b61c168]
Event: 46.998 Thread 0x000001e4419e3cc0 3516   !   3       java.io.BufferedOutputStream::write (62 bytes)
Event: 46.998 Thread 0x000001e4419e3cc0 nmethod 3516 0x000001e42b61c290 code [0x000001e42b61c520, 0x000001e42b61d1a8]
Event: 46.998 Thread 0x000001e4419e3cc0 3517       3       java.io.BufferedOutputStream::implWrite (40 bytes)
Event: 46.998 Thread 0x000001e4419e3cc0 nmethod 3517 0x000001e42b61d610 code [0x000001e42b61d7e0, 0x000001e42b61db30]
Event: 47.005 Thread 0x000001e4419e3cc0 3522       1       javax.swing.AbstractButton::isContentAreaFilled (5 bytes)
Event: 47.005 Thread 0x000001e4419e3cc0 nmethod 3522 0x000001e432b72790 code [0x000001e432b72920, 0x000001e432b729f0]
Event: 47.008 Thread 0x000001e4419c3460 3523       4       java.awt.Component::getBackground (29 bytes)
Event: 47.008 Thread 0x000001e4419e3cc0 3524       3       java.awt.Container::adjustListeningChildren (109 bytes)
Event: 47.009 Thread 0x000001e4419e3cc0 nmethod 3524 0x000001e42b61dd10 code [0x000001e42b61df20, 0x000001e42b61e618]
Event: 47.010 Thread 0x000001e4419c3460 nmethod 3523 0x000001e432b72a90 code [0x000001e432b72c40, 0x000001e432b72d88]

GC Heap History (12 events):
Event: 0.842 GC heap before
{Heap before GC invocations=0 (full 0):
 garbage-first heap   total 258048K, used 12288K [0x0000000704000000, 0x0000000800000000)
  region size 2048K, 6 young (12288K), 0 survivors (0K)
 Metaspace       used 3208K, committed 3392K, reserved 1114112K
  class space    used 276K, committed 320K, reserved 1048576K
}
Event: 0.846 GC heap after
{Heap after GC invocations=1 (full 0):
 garbage-first heap   total 258048K, used 4869K [0x0000000704000000, 0x0000000800000000)
  region size 2048K, 1 young (2048K), 1 survivors (2048K)
 Metaspace       used 3208K, committed 3392K, reserved 1114112K
  class space    used 276K, committed 320K, reserved 1048576K
}
Event: 1.472 GC heap before
{Heap before GC invocations=1 (full 0):
 garbage-first heap   total 258048K, used 15109K [0x0000000704000000, 0x0000000800000000)
  region size 2048K, 6 young (12288K), 1 survivors (2048K)
 Metaspace       used 13084K, committed 13248K, reserved 1114112K
  class space    used 1459K, committed 1536K, reserved 1048576K
}
Event: 1.478 GC heap after
{Heap after GC invocations=2 (full 0):
 garbage-first heap   total 258048K, used 7609K [0x0000000704000000, 0x0000000800000000)
  region size 2048K, 1 young (2048K), 1 survivors (2048K)
 Metaspace       used 13084K, committed 13248K, reserved 1114112K
  class space    used 1459K, committed 1536K, reserved 1048576K
}
Event: 6.676 GC heap before
{Heap before GC invocations=2 (full 0):
 garbage-first heap   total 258048K, used 40377K [0x0000000704000000, 0x0000000800000000)
  region size 2048K, 12 young (24576K), 1 survivors (2048K)
 Metaspace       used 16423K, committed 16768K, reserved 1114112K
  class space    used 1825K, committed 1984K, reserved 1048576K
}
Event: 6.682 GC heap after
{Heap after GC invocations=3 (full 0):
 garbage-first heap   total 258048K, used 20648K [0x0000000704000000, 0x0000000800000000)
  region size 2048K, 2 young (4096K), 2 survivors (4096K)
 Metaspace       used 16423K, committed 16768K, reserved 1114112K
  class space    used 1825K, committed 1984K, reserved 1048576K
}
Event: 7.243 GC heap before
{Heap before GC invocations=3 (full 0):
 garbage-first heap   total 258048K, used 47272K [0x0000000704000000, 0x0000000800000000)
  region size 2048K, 14 young (28672K), 2 survivors (4096K)
 Metaspace       used 21199K, committed 21504K, reserved 1114112K
  class space    used 1948K, committed 2112K, reserved 1048576K
}
Event: 7.247 GC heap after
{Heap after GC invocations=4 (full 0):
 garbage-first heap   total 258048K, used 25386K [0x0000000704000000, 0x0000000800000000)
  region size 2048K, 2 young (4096K), 2 survivors (4096K)
 Metaspace       used 21199K, committed 21504K, reserved 1114112K
  class space    used 1948K, committed 2112K, reserved 1048576K
}
Event: 7.633 GC heap before
{Heap before GC invocations=5 (full 0):
 garbage-first heap   total 90112K, used 74538K [0x0000000704000000, 0x0000000800000000)
  region size 2048K, 26 young (53248K), 2 survivors (4096K)
 Metaspace       used 21829K, committed 22208K, reserved 1114112K
  class space    used 1956K, committed 2176K, reserved 1048576K
}
Event: 7.637 GC heap after
{Heap after GC invocations=6 (full 0):
 garbage-first heap   total 90112K, used 21227K [0x0000000704000000, 0x0000000800000000)
  region size 2048K, 2 young (4096K), 2 survivors (4096K)
 Metaspace       used 21829K, committed 22208K, reserved 1114112K
  class space    used 1956K, committed 2176K, reserved 1048576K
}
Event: 7.893 GC heap before
{Heap before GC invocations=6 (full 0):
 garbage-first heap   total 90112K, used 70379K [0x0000000704000000, 0x0000000800000000)
  region size 2048K, 26 young (53248K), 2 survivors (4096K)
 Metaspace       used 21829K, committed 22208K, reserved 1114112K
  class space    used 1956K, committed 2176K, reserved 1048576K
}
Event: 7.898 GC heap after
{Heap after GC invocations=7 (full 0):
 garbage-first heap   total 90112K, used 21296K [0x0000000704000000, 0x0000000800000000)
  region size 2048K, 2 young (4096K), 2 survivors (4096K)
 Metaspace       used 21829K, committed 22208K, reserved 1114112K
  class space    used 1956K, committed 2176K, reserved 1048576K
}

Dll operation events (20 events):
Event: 6.832 Loaded shared library C:\Users\Myasnikov\.javacpp\cache\libfreenect-0.5.7-1.5.9-windows-x86_64.jar\org\bytedeco\libfreenect\windows-x86_64\jnifreenect.dll
Event: 6.885 Loaded shared library C:\Users\Myasnikov\.javacpp\cache\libfreenect2-0.2.0-1.5.9-windows-x86_64.jar\org\bytedeco\libfreenect2\windows-x86_64\glfw3.dll
Event: 6.889 Loaded shared library C:\Users\Myasnikov\.javacpp\cache\libfreenect2-0.2.0-1.5.9-windows-x86_64.jar\org\bytedeco\libfreenect2\windows-x86_64\turbojpeg.dll
Event: 6.895 Loading shared library C:\Users\Myasnikov\.javacpp\cache\libfreenect2-0.2.0-1.5.9-windows-x86_64.jar\org\bytedeco\libfreenect2\windows-x86_64\freenect2-openni2.dll failed, error code 126
Event: 6.905 Loading shared library C:\Users\Myasnikov\.javacpp\cache\libfreenect2-0.2.0-1.5.9-windows-x86_64.jar\org\bytedeco\libfreenect2\windows-x86_64\freenect2.dll failed, error code 126
Event: 6.910 Loading shared library C:\Users\Myasnikov\.javacpp\cache\libfreenect2-0.2.0-1.5.9-windows-x86_64.jar\org\bytedeco\libfreenect2\windows-x86_64\jnifreenect2.dll failed, error code 126
Event: 6.935 Loaded shared library C:\Users\Myasnikov\.javacpp\cache\librealsense-1.12.4-1.5.9-windows-x86_64.jar\org\bytedeco\librealsense\windows-x86_64\realsense.dll
Event: 6.938 Loaded shared library C:\Users\Myasnikov\.javacpp\cache\librealsense-1.12.4-1.5.9-windows-x86_64.jar\org\bytedeco\librealsense\windows-x86_64\jniRealSense.dll
Event: 7.113 Loaded shared library C:\Users\Myasnikov\.javacpp\cache\librealsense2-2.53.1-1.5.9-windows-x86_64.jar\org\bytedeco\librealsense2\windows-x86_64\realsense2.dll
Event: 7.117 Loaded shared library C:\Users\Myasnikov\.javacpp\cache\librealsense2-2.53.1-1.5.9-windows-x86_64.jar\org\bytedeco\librealsense2\windows-x86_64\jnirealsense2.dll
Event: 7.197 Loaded shared library C:\Users\Myasnikov\.javacpp\cache\openblas-0.3.23-1.5.9-windows-x86_64.jar\org\bytedeco\openblas\windows-x86_64\libopenblas_nolapack.dll
Event: 7.206 Loaded shared library C:\Users\Myasnikov\.javacpp\cache\openblas-0.3.23-1.5.9-windows-x86_64.jar\org\bytedeco\openblas\windows-x86_64\jniopenblas_nolapack.dll
Event: 7.300 Loaded shared library C:\Users\Myasnikov\.javacpp\cache\openblas-0.3.23-1.5.9-windows-x86_64.jar\org\bytedeco\openblas\windows-x86_64\libopenblas.dll
Event: 7.312 Loaded shared library C:\Users\Myasnikov\.javacpp\cache\openblas-0.3.23-1.5.9-windows-x86_64.jar\org\bytedeco\openblas\windows-x86_64\jniopenblas.dll
Event: 7.865 Loaded shared library C:\Users\Myasnikov\.javacpp\cache\opencv-4.7.0-1.5.9-windows-x86_64.jar\org\bytedeco\opencv\windows-x86_64\opencv_core470.dll
Event: 7.887 Loaded shared library C:\Users\Myasnikov\.javacpp\cache\opencv-4.7.0-1.5.9-windows-x86_64.jar\org\bytedeco\opencv\windows-x86_64\opencv_imgproc470.dll
Event: 7.916 Loaded shared library C:\Users\Myasnikov\.javacpp\cache\opencv-4.7.0-1.5.9-windows-x86_64.jar\org\bytedeco\opencv\windows-x86_64\jniopencv_core.dll
Event: 8.160 Loaded shared library C:\Windows\System32\ole32.dll
Event: 8.162 Loaded shared library C:\Windows\System32\oleaut32.dll
Event: 8.177 Loaded shared library C:\Users\Myasnikov\.javacpp\cache\videoinput-0.200-1.5.9-windows-x86_64.jar\org\bytedeco\videoinput\windows-x86_64\jnivideoInputLib.dll

Deoptimization events (20 events):
Event: 10.159 Thread 0x000001e4876bb0a0 Uncommon trap: trap_request=0xffffff45 fr.pc=0x000001e432ac59ec relative=0x00000000000004ec
Event: 10.159 Thread 0x000001e4876bb0a0 Uncommon trap: reason=unstable_if action=reinterpret pc=0x000001e432ac59ec method=jdk.internal.jimage.ImageLocation.verifyName(Ljava/lang/String;Ljava/lang/String;IIIIIILjdk/internal/jimage/ImageStrings;)Z @ 45 c2
Event: 10.159 Thread 0x000001e4876bb0a0 DEOPT PACKING pc=0x000001e432ac59ec sp=0x000000df405fdc00
Event: 10.159 Thread 0x000001e4876bb0a0 DEOPT UNPACKING pc=0x000001e4324646a2 sp=0x000000df405fdbd0 mode 2
Event: 10.164 Thread 0x000001e4876bb0a0 Uncommon trap: trap_request=0xffffff45 fr.pc=0x000001e4329d041c relative=0x00000000000001fc
Event: 10.164 Thread 0x000001e4876bb0a0 Uncommon trap: reason=unstable_if action=reinterpret pc=0x000001e4329d041c method=java.lang.String.indexOf(II)I @ 4 c2
Event: 10.165 Thread 0x000001e4876bb0a0 DEOPT PACKING pc=0x000001e4329d041c sp=0x000000df405ff040
Event: 10.165 Thread 0x000001e4876bb0a0 DEOPT UNPACKING pc=0x000001e4324646a2 sp=0x000000df405fefe0 mode 2
Event: 43.885 Thread 0x000001e4876b6f00 Uncommon trap: trap_request=0xffffffde fr.pc=0x000001e432a0be34 relative=0x0000000000000194
Event: 43.885 Thread 0x000001e4876b6f00 Uncommon trap: reason=class_check action=maybe_recompile pc=0x000001e432a0be34 method=java.lang.String.equals(Ljava/lang/Object;)Z @ 8 c2
Event: 43.885 Thread 0x000001e4876b6f00 DEOPT PACKING pc=0x000001e432a0be34 sp=0x000000df401fe3a0
Event: 43.885 Thread 0x000001e4876b6f00 DEOPT UNPACKING pc=0x000001e4324646a2 sp=0x000000df401fe338 mode 2
Event: 45.915 Thread 0x000001e4876b6f00 Uncommon trap: trap_request=0xffffff45 fr.pc=0x000001e432b6b7bc relative=0x000000000000009c
Event: 45.915 Thread 0x000001e4876b6f00 Uncommon trap: reason=unstable_if action=reinterpret pc=0x000001e432b6b7bc method=java.awt.EventQueue.eventToCacheIndex(Ljava/awt/AWTEvent;)I @ 4 c2
Event: 45.915 Thread 0x000001e4876b6f00 DEOPT PACKING pc=0x000001e432b6b7bc sp=0x000000df401ff360
Event: 45.915 Thread 0x000001e4876b6f00 DEOPT UNPACKING pc=0x000001e4324646a2 sp=0x000000df401ff2f8 mode 2
Event: 45.915 Thread 0x000001e4876b6f00 Uncommon trap: trap_request=0xffffff45 fr.pc=0x000001e432b6572c relative=0x0000000000004acc
Event: 45.915 Thread 0x000001e4876b6f00 Uncommon trap: reason=unstable_if action=reinterpret pc=0x000001e432b6572c method=java.awt.EventQueue.eventToCacheIndex(Ljava/awt/AWTEvent;)I @ 4 c2
Event: 45.915 Thread 0x000001e4876b6f00 DEOPT PACKING pc=0x000001e432b6572c sp=0x000000df401ff390
Event: 45.915 Thread 0x000001e4876b6f00 DEOPT UNPACKING pc=0x000001e4324646a2 sp=0x000000df401ff160 mode 2

Classes loaded (20 events):
Event: 9.272 Loading class java/awt/image/PixelInterleavedSampleModel
Event: 9.273 Loading class java/awt/image/PixelInterleavedSampleModel done
Event: 9.273 Loading class sun/awt/image/ByteInterleavedRaster
Event: 9.273 Loading class sun/awt/image/ByteComponentRaster
Event: 9.273 Loading class sun/awt/image/ByteComponentRaster done
Event: 9.273 Loading class sun/awt/image/ByteInterleavedRaster done
Event: 9.394 Loading class sun/awt/image/BufImgSurfaceManager
Event: 9.395 Loading class sun/awt/image/BufImgSurfaceManager done
Event: 9.400 Loading class jdk/internal/event/ThreadSleepEvent
Event: 9.401 Loading class jdk/internal/event/ThreadSleepEvent done
Event: 10.152 Loading class jdk/internal/math/FormattedFPDecimal
Event: 10.152 Loading class jdk/internal/math/FormattedFPDecimal done
Event: 10.158 Loading class sun/util/resources/LocaleData$CommonResourceBundleProvider
Event: 10.158 Loading class sun/util/resources/LocaleData$LocaleDataResourceBundleProvider
Event: 10.158 Loading class java/util/spi/ResourceBundleProvider
Event: 10.158 Loading class java/util/spi/ResourceBundleProvider done
Event: 10.158 Loading class sun/util/resources/LocaleData$LocaleDataResourceBundleProvider done
Event: 10.158 Loading class sun/util/resources/LocaleData$CommonResourceBundleProvider done
Event: 10.158 Loading class sun/util/resources/Bundles$2
Event: 10.158 Loading class sun/util/resources/Bundles$2 done

Classes unloaded (0 events):
No events

Classes redefined (0 events):
No events

Internal exceptions (20 events):
Event: 6.188 Thread 0x000001e4876bb0a0 Exception <a 'java/lang/NoSuchMethodError'{0x000000071373a7f8}: 'void java.lang.invoke.DirectMethodHandle$Holder.invokeStaticInit(java.lang.Object, java.lang.Object)'> (0x000000071373a7f8) 
thrown [s\src\hotspot\share\interpreter\linkResolver.cpp, line 773]
Event: 6.190 Thread 0x000001e4876bb0a0 Exception <a 'java/lang/NoSuchMethodError'{0x000000071373faf8}: 'int java.lang.invoke.DirectMethodHandle$Holder.invokeStaticInit(java.lang.Object, java.lang.Object)'> (0x000000071373faf8) 
thrown [s\src\hotspot\share\interpreter\linkResolver.cpp, line 773]
Event: 6.643 Thread 0x000001e4876bb0a0 Exception <a 'java/lang/UnsatisfiedLinkError'{0x00000007124a3fe0}> (0x00000007124a3fe0) 
thrown [s\src\hotspot\share\prims\jvm.cpp, line 3424]
Event: 6.643 Thread 0x000001e4876bb0a0 Exception <a 'java/lang/UnsatisfiedLinkError'{0x00000007124a3fe0}> (0x00000007124a3fe0) 
thrown [s\src\hotspot\share\prims\jni.cpp, line 520]
Event: 6.732 Thread 0x000001e4876bb0a0 Exception <a 'java/lang/UnsatisfiedLinkError'{0x0000000713b3f440}> (0x0000000713b3f440) 
thrown [s\src\hotspot\share\prims\jvm.cpp, line 3424]
Event: 6.732 Thread 0x000001e4876bb0a0 Exception <a 'java/lang/UnsatisfiedLinkError'{0x0000000713b3f440}> (0x0000000713b3f440) 
thrown [s\src\hotspot\share\prims\jni.cpp, line 520]
Event: 6.736 Thread 0x000001e4876bb0a0 Exception <a 'java/lang/UnsatisfiedLinkError'{0x0000000713b42a78}> (0x0000000713b42a78) 
thrown [s\src\hotspot\share\oops\instanceKlass.cpp, line 1220]
Event: 6.796 Thread 0x000001e4876bb0a0 Exception <a 'java/lang/UnsatisfiedLinkError'{0x000000071398fc10}> (0x000000071398fc10) 
thrown [s\src\hotspot\share\prims\jvm.cpp, line 3424]
Event: 6.796 Thread 0x000001e4876bb0a0 Exception <a 'java/lang/UnsatisfiedLinkError'{0x000000071398fc10}> (0x000000071398fc10) 
thrown [s\src\hotspot\share\prims\jni.cpp, line 520]
Event: 6.798 Thread 0x000001e4876bb0a0 Exception <a 'java/lang/UnsatisfiedLinkError'{0x0000000713993658}> (0x0000000713993658) 
thrown [s\src\hotspot\share\oops\instanceKlass.cpp, line 1220]
Event: 6.895 Thread 0x000001e4876bb0a0 Exception <a 'java/lang/UnsatisfiedLinkError'{0x00000007132f9f20}> (0x00000007132f9f20) 
thrown [s\src\hotspot\share\prims\jvm.cpp, line 3424]
Event: 6.895 Thread 0x000001e4876bb0a0 Exception <a 'java/lang/UnsatisfiedLinkError'{0x00000007132f9f20}> (0x00000007132f9f20) 
thrown [s\src\hotspot\share\prims\jni.cpp, line 520]
Event: 6.905 Thread 0x000001e4876bb0a0 Exception <a 'java/lang/UnsatisfiedLinkError'{0x00000007130434c8}> (0x00000007130434c8) 
thrown [s\src\hotspot\share\prims\jvm.cpp, line 3424]
Event: 6.905 Thread 0x000001e4876bb0a0 Exception <a 'java/lang/UnsatisfiedLinkError'{0x00000007130434c8}> (0x00000007130434c8) 
thrown [s\src\hotspot\share\prims\jni.cpp, line 520]
Event: 6.910 Thread 0x000001e4876bb0a0 Exception <a 'java/lang/UnsatisfiedLinkError'{0x00000007130a57c0}> (0x00000007130a57c0) 
thrown [s\src\hotspot\share\prims\jvm.cpp, line 3424]
Event: 6.910 Thread 0x000001e4876bb0a0 Exception <a 'java/lang/UnsatisfiedLinkError'{0x00000007130a57c0}> (0x00000007130a57c0) 
thrown [s\src\hotspot\share\prims\jni.cpp, line 520]
Event: 6.911 Thread 0x000001e4876bb0a0 Exception <a 'java/lang/UnsatisfiedLinkError'{0x00000007130a8ed0}> (0x00000007130a8ed0) 
thrown [s\src\hotspot\share\oops\instanceKlass.cpp, line 1220]
Event: 8.145 Thread 0x000001e4876bb0a0 Exception <a 'java/lang/UnsatisfiedLinkError'{0x0000000708b8fc18}: 'int cl.eye.CLCamera.CLEyeGetCameraCount()'> (0x0000000708b8fc18) 
thrown [s\src\hotspot\share\prims\nativeLookup.cpp, line 415]
Event: 8.214 Thread 0x000001e4876bb0a0 Exception <a 'java/lang/NoSuchMethodError'{0x00000007085ad5a8}: 'int java.lang.invoke.DirectMethodHandle$Holder.invokeSpecial(java.lang.Object, java.lang.Object, java.lang.Object, int)'> (0x00000007085ad5a8) 
thrown [s\src\hotspot\share\interpreter\linkResolver.cpp, line 773]
Event: 8.216 Thread 0x000001e4876bb0a0 Exception <a 'java/lang/NoSuchMethodError'{0x00000007085bf898}: 'java.lang.Object java.lang.invoke.DirectMethodHandle$Holder.invokeStatic(java.lang.Object, java.lang.Object, java.lang.Object, java.lang.Object, int)'> (0x00000007085bf898) 
thrown [s\src\hotspot\share\interpreter\linkResolver.cpp, line 773]

ZGC Phase Switch (0 events):
No events

VM Operations (20 events):
Event: 33.932 Executing VM operation: Cleanup
Event: 33.932 Executing VM operation: Cleanup done
Event: 34.933 Executing VM operation: Cleanup
Event: 34.933 Executing VM operation: Cleanup done
Event: 35.934 Executing VM operation: Cleanup
Event: 35.934 Executing VM operation: Cleanup done
Event: 36.934 Executing VM operation: Cleanup
Event: 36.934 Executing VM operation: Cleanup done
Event: 38.935 Executing VM operation: Cleanup
Event: 38.936 Executing VM operation: Cleanup done
Event: 40.936 Executing VM operation: Cleanup
Event: 40.936 Executing VM operation: Cleanup done
Event: 42.937 Executing VM operation: Cleanup
Event: 42.937 Executing VM operation: Cleanup done
Event: 43.938 Executing VM operation: Cleanup
Event: 43.938 Executing VM operation: Cleanup done
Event: 45.939 Executing VM operation: Cleanup
Event: 45.939 Executing VM operation: Cleanup done
Event: 46.940 Executing VM operation: Cleanup
Event: 46.940 Executing VM operation: Cleanup done

Memory protections (0 events):
No events

Nmethod flushes (0 events):
No events

Events (20 events):
Event: 0.822 Thread 0x000001e420fead30 Thread added: 0x000001e4419b6280
Event: 0.841 Thread 0x000001e420fead30 Thread added: 0x000001e4876b6f00
Event: 0.842 Thread 0x000001e420fead30 Thread exited: 0x000001e420fead30
Event: 0.842 Thread 0x000001e4876b54c0 Thread added: 0x000001e4876b54c0
Event: 1.046 Thread 0x000001e4419e3cc0 Thread added: 0x000001e4877adf50
Event: 1.396 Thread 0x000001e4876b6f00 Thread added: 0x000001e4876b82b0
Event: 1.429 Thread 0x000001e4419b5bf0 Thread added: 0x000001e4876ba380
Event: 1.455 Thread 0x000001e4876ba380 Thread added: 0x000001e4876b4e30
Event: 1.508 Thread 0x000001e4876b4e30 Thread added: 0x000001e4876b8940
Event: 1.524 Thread 0x000001e4876b4e30 Thread added: 0x000001e4876b8fd0
Event: 1.737 Thread 0x000001e4877adf50 Thread exited: 0x000001e4877adf50
Event: 6.070 Thread 0x000001e4876b6f00 Thread added: 0x000001e4876bb0a0
Event: 6.223 Thread 0x000001e4419c3460 Thread added: 0x000001e48a1e0770
Event: 6.578 Thread 0x000001e4876bb0a0 Thread added: 0x000001e4876b7c20
Event: 7.175 Thread 0x000001e48a1e0770 Thread exited: 0x000001e48a1e0770
Event: 7.537 Thread 0x000001e4419c3460 Thread added: 0x000001e48a1e0770
Event: 9.084 Thread 0x000001e48a1e0770 Thread exited: 0x000001e48a1e0770
Event: 9.088 Thread 0x000001e4876ba380 Thread added: 0x000001e4876b5b50
Event: 9.275 Thread 0x000001e4419e3cc0 Thread added: 0x000001e48a1e3720
Event: 9.579 Thread 0x000001e48a1e3720 Thread exited: 0x000001e48a1e3720


Dynamic libraries:
0x00007ff7233e0000 - 0x00007ff7233ee000 	C:\Java\AxiomJDK-21\bin\java.exe
0x00007ffd75890000 - 0x00007ffd75a88000 	C:\Windows\SYSTEM32\ntdll.dll
0x00007ffd751b0000 - 0x00007ffd75272000 	C:\Windows\System32\KERNEL32.DLL
0x00007ffd734f0000 - 0x00007ffd737e6000 	C:\Windows\System32\KERNELBASE.dll
0x00007ffd733f0000 - 0x00007ffd734f0000 	C:\Windows\System32\ucrtbase.dll
0x00007ffd6a060000 - 0x00007ffd6a07b000 	C:\Java\AxiomJDK-21\bin\VCRUNTIME140.dll
0x00007ffd6a040000 - 0x00007ffd6a058000 	C:\Java\AxiomJDK-21\bin\jli.dll
0x00007ffd74840000 - 0x00007ffd749e1000 	C:\Windows\System32\USER32.dll
0x00007ffd61280000 - 0x00007ffd6151b000 	C:\Windows\WinSxS\amd64_microsoft.windows.common-controls_6595b64144ccf1df_6.0.19041.6456_none_60b8a6cb71f64256\COMCTL32.dll
0x00007ffd73040000 - 0x00007ffd73062000 	C:\Windows\System32\win32u.dll
0x00007ffd749f0000 - 0x00007ffd74a8e000 	C:\Windows\System32\msvcrt.dll
0x00007ffd73b20000 - 0x00007ffd73b4b000 	C:\Windows\System32\GDI32.dll
0x00007ffd72f20000 - 0x00007ffd73039000 	C:\Windows\System32\gdi32full.dll
0x00007ffd73250000 - 0x00007ffd732ed000 	C:\Windows\System32\msvcp_win.dll
0x00007ffd75450000 - 0x00007ffd7547f000 	C:\Windows\System32\IMM32.DLL
0x00007ffd6fbe0000 - 0x00007ffd6fbec000 	C:\Java\AxiomJDK-21\bin\vcruntime140_1.dll
0x00007ffd58200000 - 0x00007ffd5828e000 	C:\Java\AxiomJDK-21\bin\msvcp140.dll
0x00007ffd33d00000 - 0x00007ffd34aab000 	C:\Java\AxiomJDK-21\bin\server\jvm.dll
0x00007ffd75480000 - 0x00007ffd75531000 	C:\Windows\System32\ADVAPI32.dll
0x00007ffd753b0000 - 0x00007ffd7544f000 	C:\Windows\System32\sechost.dll
0x00007ffd75290000 - 0x00007ffd753b0000 	C:\Windows\System32\RPCRT4.dll
0x00007ffd737f0000 - 0x00007ffd73817000 	C:\Windows\System32\bcrypt.dll
0x00007ffd74af0000 - 0x00007ffd74b5b000 	C:\Windows\System32\WS2_32.dll
0x00007ffd72d80000 - 0x00007ffd72dcb000 	C:\Windows\SYSTEM32\POWRPROF.dll
0x00007ffd649a0000 - 0x00007ffd649c7000 	C:\Windows\SYSTEM32\WINMM.dll
0x00007ffd63b80000 - 0x00007ffd63b8a000 	C:\Windows\SYSTEM32\VERSION.dll
0x00007ffd72d60000 - 0x00007ffd72d72000 	C:\Windows\SYSTEM32\UMPDC.dll
0x00007ffd70e90000 - 0x00007ffd70ea2000 	C:\Windows\SYSTEM32\kernel.appcore.dll
0x00007ffd6d670000 - 0x00007ffd6d67a000 	C:\Java\AxiomJDK-21\bin\jimage.dll
0x00007ffd70b40000 - 0x00007ffd70d41000 	C:\Windows\SYSTEM32\DBGHELP.DLL
0x00007ffd611c0000 - 0x00007ffd611f4000 	C:\Windows\SYSTEM32\dbgcore.DLL
0x00007ffd73820000 - 0x00007ffd738a2000 	C:\Windows\System32\bcryptPrimitives.dll
0x00007ffd4d500000 - 0x00007ffd4d50f000 	C:\Java\AxiomJDK-21\bin\instrument.dll
0x00007ffd6a020000 - 0x00007ffd6a03f000 	C:\Java\AxiomJDK-21\bin\java.dll
0x00007ffd73cf0000 - 0x00007ffd74460000 	C:\Windows\System32\SHELL32.dll
0x00007ffd70eb0000 - 0x00007ffd71655000 	C:\Windows\SYSTEM32\windows.storage.dll
0x00007ffd744e0000 - 0x00007ffd74834000 	C:\Windows\System32\combase.dll
0x00007ffd726f0000 - 0x00007ffd7271b000 	C:\Windows\SYSTEM32\Wldp.dll
0x00007ffd750e0000 - 0x00007ffd751ad000 	C:\Windows\System32\OLEAUT32.dll
0x00007ffd74bc0000 - 0x00007ffd74c6d000 	C:\Windows\System32\SHCORE.dll
0x00007ffd74a90000 - 0x00007ffd74aeb000 	C:\Windows\System32\shlwapi.dll
0x00007ffd72e50000 - 0x00007ffd72e74000 	C:\Windows\SYSTEM32\profapi.dll
0x00007ffd483b0000 - 0x00007ffd48487000 	C:\Java\AxiomJDK-21\bin\jsvml.dll
0x00007ffd4ebd0000 - 0x00007ffd4ebe8000 	C:\Java\AxiomJDK-21\bin\zip.dll
0x00007ffd6c110000 - 0x00007ffd6c120000 	C:\Java\AxiomJDK-21\bin\net.dll
0x00007ffd6bdf0000 - 0x00007ffd6befa000 	C:\Windows\SYSTEM32\WINHTTP.dll
0x00007ffd724d0000 - 0x00007ffd7253a000 	C:\Windows\system32\mswsock.dll
0x00007ffd581e0000 - 0x00007ffd581f6000 	C:\Java\AxiomJDK-21\bin\nio.dll
0x00007ffd4c8f0000 - 0x00007ffd4c8f9000 	C:\Java\AxiomJDK-21\bin\extnet.dll
0x00007ffd32ce0000 - 0x00007ffd32e6e000 	C:\Java\AxiomJDK-21\bin\awt.dll
0x00007ffd72b30000 - 0x00007ffd72bc4000 	C:\Windows\SYSTEM32\apphelp.dll
0x00007ffd703b0000 - 0x00007ffd7044e000 	C:\Windows\system32\uxtheme.dll
0x00007ffd73bb0000 - 0x00007ffd73cc5000 	C:\Windows\System32\MSCTF.dll
0x00007ffd738b0000 - 0x00007ffd739db000 	C:\Windows\System32\ole32.dll
0x00007ffd70790000 - 0x00007ffd707be000 	C:\Windows\system32\DWMAPI.DLL
0x00007ffd328a0000 - 0x00007ffd329c8000 	C:\Windows\system32\opengl32.dll
0x00007ffd48d60000 - 0x00007ffd48d8c000 	C:\Windows\SYSTEM32\GLU32.dll
0x00007ffd72210000 - 0x00007ffd722da000 	C:\Windows\SYSTEM32\DNSAPI.dll
0x00007ffd721d0000 - 0x00007ffd7220b000 	C:\Windows\SYSTEM32\IPHLPAPI.DLL
0x00007ffd75830000 - 0x00007ffd75838000 	C:\Windows\System32\NSI.dll
0x00007ffd69620000 - 0x00007ffd6962a000 	C:\Windows\System32\rasadhlp.dll
0x00007ffd6bc70000 - 0x00007ffd6bcf0000 	C:\Windows\System32\fwpuclnt.dll
0x00007ffd6b790000 - 0x00007ffd6b79a000 	C:\Java\AxiomJDK-21\bin\management.dll
0x00007ffd45e10000 - 0x00007ffd45e1b000 	C:\Java\AxiomJDK-21\bin\management_ext.dll
0x00007ffd75840000 - 0x00007ffd75848000 	C:\Windows\System32\PSAPI.DLL
0x00007ffd30840000 - 0x00007ffd308c7000 	C:\Java\AxiomJDK-21\bin\freetype.dll
0x00007ffcfc670000 - 0x00007ffcfc74b000 	C:\Java\AxiomJDK-21\bin\fontmanager.dll
0x00007ffd72730000 - 0x00007ffd72748000 	C:\Windows\SYSTEM32\CRYPTSP.dll
0x00007ffd71e10000 - 0x00007ffd71e48000 	C:\Windows\system32\rsaenh.dll
0x00007ffd72dd0000 - 0x00007ffd72dfe000 	C:\Windows\SYSTEM32\USERENV.dll
0x00007ffd72660000 - 0x00007ffd7266c000 	C:\Windows\SYSTEM32\CRYPTBASE.dll
0x00007ffd5aca0000 - 0x00007ffd5acb7000 	C:\Windows\system32\napinsp.dll
0x00007ffd606c0000 - 0x00007ffd606db000 	C:\Windows\system32\pnrpnsp.dll
0x00007ffd5a4a0000 - 0x00007ffd5a4bd000 	C:\Windows\system32\wshbth.dll
0x00007ffd6f290000 - 0x00007ffd6f2ad000 	C:\Windows\system32\NLAapi.dll
0x00007ffd5a530000 - 0x00007ffd5a542000 	C:\Windows\System32\winrnr.dll
0x00007ffd6ada0000 - 0x00007ffd6ae99000 	C:\Windows\SYSTEM32\textinputframework.dll
0x00007ffd6f2b0000 - 0x00007ffd6f60b000 	C:\Windows\System32\CoreUIComponents.dll
0x00007ffd6fae0000 - 0x00007ffd6fbd2000 	C:\Windows\System32\CoreMessaging.dll
0x00007ffd72060000 - 0x00007ffd72093000 	C:\Windows\SYSTEM32\ntmarta.dll
0x00007ffd6ea60000 - 0x00007ffd6ebb7000 	C:\Windows\SYSTEM32\wintypes.dll
0x00007ffd4d370000 - 0x00007ffd4d3c1000 	C:\Windows\SYSTEM32\pdh.dll
0x00007ffd4c8c0000 - 0x00007ffd4c8cf000 	C:\Windows\System32\perfproc.dll
0x00007ffd4cce0000 - 0x00007ffd4ccef000 	C:\Windows\System32\perfos.dll
0x000001e441fb0000 - 0x000001e441fb4000 	C:\Users\Myasnikov\.javacpp\cache\javacpp-1.5.9-windows-x86_64.jar\org\bytedeco\javacpp\windows-x86_64\api-ms-win-crt-locale-l1-1-0.dll
0x000001e441fc0000 - 0x000001e441fc5000 	C:\Users\Myasnikov\.javacpp\cache\javacpp-1.5.9-windows-x86_64.jar\org\bytedeco\javacpp\windows-x86_64\api-ms-win-crt-string-l1-1-0.dll
0x000001e441fd0000 - 0x000001e441fd5000 	C:\Users\Myasnikov\.javacpp\cache\javacpp-1.5.9-windows-x86_64.jar\org\bytedeco\javacpp\windows-x86_64\api-ms-win-crt-stdio-l1-1-0.dll
0x000001e441fe0000 - 0x000001e441fe6000 	C:\Users\Myasnikov\.javacpp\cache\javacpp-1.5.9-windows-x86_64.jar\org\bytedeco\javacpp\windows-x86_64\api-ms-win-crt-math-l1-1-0.dll
0x000001e441ff0000 - 0x000001e441ff4000 	C:\Users\Myasnikov\.javacpp\cache\javacpp-1.5.9-windows-x86_64.jar\org\bytedeco\javacpp\windows-x86_64\api-ms-win-crt-heap-l1-1-0.dll
0x000001e487950000 - 0x000001e487955000 	C:\Users\Myasnikov\.javacpp\cache\javacpp-1.5.9-windows-x86_64.jar\org\bytedeco\javacpp\windows-x86_64\api-ms-win-crt-runtime-l1-1-0.dll
0x000001e487960000 - 0x000001e487965000 	C:\Users\Myasnikov\.javacpp\cache\javacpp-1.5.9-windows-x86_64.jar\org\bytedeco\javacpp\windows-x86_64\api-ms-win-crt-convert-l1-1-0.dll
0x000001e487970000 - 0x000001e487974000 	C:\Users\Myasnikov\.javacpp\cache\javacpp-1.5.9-windows-x86_64.jar\org\bytedeco\javacpp\windows-x86_64\api-ms-win-crt-environment-l1-1-0.dll
0x000001e487980000 - 0x000001e487984000 	C:\Users\Myasnikov\.javacpp\cache\javacpp-1.5.9-windows-x86_64.jar\org\bytedeco\javacpp\windows-x86_64\api-ms-win-crt-time-l1-1-0.dll
0x000001e487990000 - 0x000001e487994000 	C:\Users\Myasnikov\.javacpp\cache\javacpp-1.5.9-windows-x86_64.jar\org\bytedeco\javacpp\windows-x86_64\api-ms-win-crt-filesystem-l1-1-0.dll
0x000001e4879a0000 - 0x000001e4879a4000 	C:\Users\Myasnikov\.javacpp\cache\javacpp-1.5.9-windows-x86_64.jar\org\bytedeco\javacpp\windows-x86_64\api-ms-win-crt-utility-l1-1-0.dll
0x000001e4879b0000 - 0x000001e4879b6000 	C:\Users\Myasnikov\.javacpp\cache\javacpp-1.5.9-windows-x86_64.jar\org\bytedeco\javacpp\windows-x86_64\api-ms-win-crt-multibyte-l1-1-0.dll
0x000001e4879c0000 - 0x000001e4879c4000 	C:\Users\Myasnikov\.javacpp\cache\javacpp-1.5.9-windows-x86_64.jar\org\bytedeco\javacpp\windows-x86_64\api-ms-win-crt-conio-l1-1-0.dll
0x000001e4879d0000 - 0x000001e4879e1000 	C:\Users\Myasnikov\.javacpp\cache\javacpp-1.5.9-windows-x86_64.jar\org\bytedeco\javacpp\windows-x86_64\api-ms-win-crt-private-l1-1-0.dll
0x000001e4879f0000 - 0x000001e4879f4000 	C:\Users\Myasnikov\.javacpp\cache\javacpp-1.5.9-windows-x86_64.jar\org\bytedeco\javacpp\windows-x86_64\api-ms-win-crt-process-l1-1-0.dll
0x000001e487a00000 - 0x000001e487a04000 	C:\Users\Myasnikov\.javacpp\cache\javacpp-1.5.9-windows-x86_64.jar\org\bytedeco\javacpp\windows-x86_64\api-ms-win-core-console-l1-2-0.dll
0x000001e487a10000 - 0x000001e487a14000 	C:\Users\Myasnikov\.javacpp\cache\javacpp-1.5.9-windows-x86_64.jar\org\bytedeco\javacpp\windows-x86_64\api-ms-win-core-string-l1-1-0.dll
0x000001e487a20000 - 0x000001e487a24000 	C:\Users\Myasnikov\.javacpp\cache\javacpp-1.5.9-windows-x86_64.jar\org\bytedeco\javacpp\windows-x86_64\api-ms-win-core-errorhandling-l1-1-0.dll
0x000001e487a30000 - 0x000001e487a34000 	C:\Users\Myasnikov\.javacpp\cache\javacpp-1.5.9-windows-x86_64.jar\org\bytedeco\javacpp\windows-x86_64\api-ms-win-core-timezone-l1-1-0.dll
0x000001e4890b0000 - 0x000001e4890b5000 	C:\Users\Myasnikov\.javacpp\cache\javacpp-1.5.9-windows-x86_64.jar\org\bytedeco\javacpp\windows-x86_64\api-ms-win-core-file-l1-1-0.dll
0x000001e4890c0000 - 0x000001e4890c4000 	C:\Users\Myasnikov\.javacpp\cache\javacpp-1.5.9-windows-x86_64.jar\org\bytedeco\javacpp\windows-x86_64\api-ms-win-core-namedpipe-l1-1-0.dll
0x000001e4890d0000 - 0x000001e4890d4000 	C:\Users\Myasnikov\.javacpp\cache\javacpp-1.5.9-windows-x86_64.jar\org\bytedeco\javacpp\windows-x86_64\api-ms-win-core-handle-l1-1-0.dll
0x000001e4890e0000 - 0x000001e4890e4000 	C:\Users\Myasnikov\.javacpp\cache\javacpp-1.5.9-windows-x86_64.jar\org\bytedeco\javacpp\windows-x86_64\api-ms-win-core-file-l2-1-0.dll
0x000001e4890f0000 - 0x000001e4890f4000 	C:\Users\Myasnikov\.javacpp\cache\javacpp-1.5.9-windows-x86_64.jar\org\bytedeco\javacpp\windows-x86_64\api-ms-win-core-heap-l1-1-0.dll
0x000001e489100000 - 0x000001e489104000 	C:\Users\Myasnikov\.javacpp\cache\javacpp-1.5.9-windows-x86_64.jar\org\bytedeco\javacpp\windows-x86_64\api-ms-win-core-libraryloader-l1-1-0.dll
0x000001e489110000 - 0x000001e489114000 	C:\Users\Myasnikov\.javacpp\cache\javacpp-1.5.9-windows-x86_64.jar\org\bytedeco\javacpp\windows-x86_64\api-ms-win-core-synch-l1-1-0.dll
0x000001e489120000 - 0x000001e489124000 	C:\Users\Myasnikov\.javacpp\cache\javacpp-1.5.9-windows-x86_64.jar\org\bytedeco\javacpp\windows-x86_64\api-ms-win-core-processthreads-l1-1-0.dll
0x000001e489130000 - 0x000001e489134000 	C:\Users\Myasnikov\.javacpp\cache\javacpp-1.5.9-windows-x86_64.jar\org\bytedeco\javacpp\windows-x86_64\api-ms-win-core-processenvironment-l1-1-0.dll
0x000001e489140000 - 0x000001e489144000 	C:\Users\Myasnikov\.javacpp\cache\javacpp-1.5.9-windows-x86_64.jar\org\bytedeco\javacpp\windows-x86_64\api-ms-win-core-datetime-l1-1-0.dll
0x000001e489150000 - 0x000001e489154000 	C:\Users\Myasnikov\.javacpp\cache\javacpp-1.5.9-windows-x86_64.jar\org\bytedeco\javacpp\windows-x86_64\api-ms-win-core-localization-l1-2-0.dll
0x000001e489160000 - 0x000001e489164000 	C:\Users\Myasnikov\.javacpp\cache\javacpp-1.5.9-windows-x86_64.jar\org\bytedeco\javacpp\windows-x86_64\api-ms-win-core-sysinfo-l1-1-0.dll
0x000001e489170000 - 0x000001e489174000 	C:\Users\Myasnikov\.javacpp\cache\javacpp-1.5.9-windows-x86_64.jar\org\bytedeco\javacpp\windows-x86_64\api-ms-win-core-synch-l1-2-0.dll
0x000001e489180000 - 0x000001e489184000 	C:\Users\Myasnikov\.javacpp\cache\javacpp-1.5.9-windows-x86_64.jar\org\bytedeco\javacpp\windows-x86_64\api-ms-win-core-console-l1-1-0.dll
0x000001e489190000 - 0x000001e489194000 	C:\Users\Myasnikov\.javacpp\cache\javacpp-1.5.9-windows-x86_64.jar\org\bytedeco\javacpp\windows-x86_64\api-ms-win-core-debug-l1-1-0.dll
0x000001e4891a0000 - 0x000001e4891a4000 	C:\Users\Myasnikov\.javacpp\cache\javacpp-1.5.9-windows-x86_64.jar\org\bytedeco\javacpp\windows-x86_64\api-ms-win-core-rtlsupport-l1-1-0.dll
0x000001e4891b0000 - 0x000001e4891b4000 	C:\Users\Myasnikov\.javacpp\cache\javacpp-1.5.9-windows-x86_64.jar\org\bytedeco\javacpp\windows-x86_64\api-ms-win-core-processthreads-l1-1-1.dll
0x000001e4891c0000 - 0x000001e4891c4000 	C:\Users\Myasnikov\.javacpp\cache\javacpp-1.5.9-windows-x86_64.jar\org\bytedeco\javacpp\windows-x86_64\api-ms-win-core-file-l1-2-0.dll
0x000001e4891d0000 - 0x000001e4891d4000 	C:\Users\Myasnikov\.javacpp\cache\javacpp-1.5.9-windows-x86_64.jar\org\bytedeco\javacpp\windows-x86_64\api-ms-win-core-profile-l1-1-0.dll
0x000001e4891e0000 - 0x000001e4891e4000 	C:\Users\Myasnikov\.javacpp\cache\javacpp-1.5.9-windows-x86_64.jar\org\bytedeco\javacpp\windows-x86_64\api-ms-win-core-memory-l1-1-0.dll
0x000001e4891f0000 - 0x000001e4891f4000 	C:\Users\Myasnikov\.javacpp\cache\javacpp-1.5.9-windows-x86_64.jar\org\bytedeco\javacpp\windows-x86_64\api-ms-win-core-util-l1-1-0.dll
0x000001e489200000 - 0x000001e489204000 	C:\Users\Myasnikov\.javacpp\cache\javacpp-1.5.9-windows-x86_64.jar\org\bytedeco\javacpp\windows-x86_64\api-ms-win-core-interlocked-l1-1-0.dll
0x00007ffcf6c80000 - 0x00007ffcf6d91000 	C:\Users\Myasnikov\.javacpp\cache\javacpp-1.5.9-windows-x86_64.jar\org\bytedeco\javacpp\windows-x86_64\ucrtbase.dll
0x00007ffd30930000 - 0x00007ffd3094b000 	C:\Users\Myasnikov\.javacpp\cache\javacpp-1.5.9-windows-x86_64.jar\org\bytedeco\javacpp\windows-x86_64\vcruntime140.dll
0x00007ffd44f00000 - 0x00007ffd44f0c000 	C:\Users\Myasnikov\.javacpp\cache\javacpp-1.5.9-windows-x86_64.jar\org\bytedeco\javacpp\windows-x86_64\vcruntime140_1.dll

dbghelp: loaded successfully - version: 4.0.5 - missing functions: none
symbol engine: initialized successfully - sym options: 0x614 - pdb path: .;C:\Java\AxiomJDK-21\bin;C:\Windows\SYSTEM32;C:\Windows\WinSxS\amd64_microsoft.windows.common-controls_6595b64144ccf1df_6.0.19041.6456_none_60b8a6cb71f64256;C:\Java\AxiomJDK-21\bin\server;C:\Users\Myasnikov\.javacpp\cache\javacpp-1.5.9-windows-x86_64.jar\org\bytedeco\javacpp\windows-x86_64;C:\Users\Myasnikov\.javacpp\cache\libdc1394-2.2.6-1.5.9-windows-x86_64.jar\org\bytedeco\libdc1394\windows-x86_64;C:\Users\Myasnikov\.javacpp\cache\libfreenect-0.5.7-1.5.9-windows-x86_64.jar\org\bytedeco\libfreenect\windows-x86_64;C:\Users\Myasnikov\.javacpp\cache\libfreenect2-0.2.0-1.5.9-windows-x86_64.jar\org\bytedeco\libfreenect2\windows-x86_64;C:\Users\Myasnikov\.javacpp\cache\librealsense-1.12.4-1.5.9-windows-x86_64.jar\org\bytedeco\librealsense\windows-x86_64;C:\Users\Myasnikov\.javacpp\cache\librealsense2-2.53.1-1.5.9-windows-x86_64.jar\org\bytedeco\librealsense2\windows-x86_64;C:\Users\Myasnikov\.javacpp\cache\openblas-0.3.23-1.5.9-windows-x86_64.jar\org\bytedeco\openblas\windows-x86_64;C:\Users\Myasnikov\.javacpp\cache\opencv-4.7.0-1.5.9-windows-x86_64.jar\org\bytedeco\opencv\windows-x86_64;C:\Users\Myasnikov\.javacpp\cache\videoinput-0.200-1.5.9-windows-x86_64.jar\org\bytedeco\videoinput\windows-x86_64;C:\Windows\WinSxS\amd64_microsoft.windows.gdiplus_6595b64144ccf1df_1.1.19041.6456_none_91a399b0cc88bc24

VM Arguments:
jvm_args: -javaagent:C:\JetBrains\IntelliJ IDEA 2025.1\lib\idea_rt.jar=61184 -Dfile.encoding=UTF-8 -Dsun.stdout.encoding=UTF-8 -Dsun.stderr.encoding=UTF-8 
java_command: ru.miacomsoft.JavaCVCameraWithContrast
java_class_path (initial): C:\JavaProjects\WifiKeybord_ESP8266\1_ArduinoKeybord\DisplayUsb\target\classes;C:\Users\Myasnikov\.m2\repository\com\github\sarxos\webcam-capture\0.3.12\webcam-capture-0.3.12.jar;C:\Users\Myasnikov\.m2\repository\com\nativelibs4java\bridj\0.7.0\bridj-0.7.0.jar;C:\Users\Myasnikov\.m2\repository\org\slf4j\slf4j-api\1.7.2\slf4j-api-1.7.2.jar;C:\Users\Myasnikov\.m2\repository\org\bytedeco\javacv-platform\1.5.9\javacv-platform-1.5.9.jar;C:\Users\Myasnikov\.m2\repository\org\bytedeco\javacv\1.5.9\javacv-1.5.9.jar;C:\Users\Myasnikov\.m2\repository\org\bytedeco\javacpp\1.5.9\javacpp-1.5.9.jar;C:\Users\Myasnikov\.m2\repository\org\bytedeco\openblas\0.3.23-1.5.9\openblas-0.3.23-1.5.9.jar;C:\Users\Myasnikov\.m2\repository\org\bytedeco\ffmpeg\6.0-1.5.9\ffmpeg-6.0-1.5.9.jar;C:\Users\Myasnikov\.m2\repository\org\bytedeco\flycapture\2.13.3.31-1.5.9\flycapture-2.13.3.31-1.5.9.jar;C:\Users\Myasnikov\.m2\repository\org\bytedeco\libdc1394\2.2.6-1.5.9\libdc1394-2.2.6-1.5.9.jar;C:\Users\Myasnikov\.m2\repository\org\bytedeco\libfreenect\0.5.7-1.5.9\libfreenect-0.5.7-1.5.9.jar;C:\Users\Myasnikov\.m2\repository\org\bytedeco\libfreenect2\0.2.0-1.5.9\libfreenect2-0.2.0-1.5.9.jar;C:\Users\Myasnikov\.m2\repository\org\bytedeco\librealsense\1.12.4-1.5.9\librealsense-1.12.4-1.5.9.jar;C:\Users\Myasnikov\.m2\repository\org\bytedeco\librealsense2\2.53.1-1.5.9\librealsense2-2.53.1-1.5.9.jar;C:\Users\Myasnikov\.m2\repository\org\bytedeco\videoinput\0.200-1.5.9\videoinput-0.200-1.5.9.jar;C:\Users\Myasnikov\.m2\repository\org\bytedeco\artoolkitplus\2.3.1-1.5.9\artoolkitplus-2.3.1-1.5.9.jar;C:\Users\Myasnikov\.m2\repository\org\bytedeco\leptonica\1.83.0-1.5.9\leptonica-1.83.0-1.5.9.jar;C:\Users\Myasnikov\.m2\repository\org\bytedeco\tesseract\5.3.1-1.5.9\tesseract-5.3.1-1.5.9.jar;C:\Users\Myasnikov\.m2\repository\org\bytedeco\openblas-platform\0.3.23-1.5.9\openblas-platform-0.3.23-1.5.9.jar;C:\Users\Myasnikov\.m2\repository\org\bytedeco\javacpp-platform\1.5.9\javacpp-platform-1.5.9.jar;C:\Users\Myasnikov\.m2\repository\org\bytedeco\javacpp\1.5.9\javacpp-1.5.9-android-arm.jar;C:\Users\Myasnikov\.m2\repository\org\bytedeco\javacpp\1.5.9\javacpp-1.5.9-android-arm64.jar;C:\Users\Myasnikov\.m2\repository\org\bytedeco\javacpp\1.5.9\javacpp-1.5.9-android-x86.jar;C:\Users\Myasnikov\.m2\repository\org\bytedeco\javacpp\1.5.9\javacpp-1.5.9-android-x86_64.jar;C:\Users\Myasnikov\.m2\repository\org\bytedeco\javacpp\1.5.9\javacpp-1.5.9-ios-arm64.jar;C:\Users\Myasnikov\.m2\repository\org\bytedeco\javacpp\1.5.9\javacpp-1.5.9-ios-x86_64.jar;C:\Users\Myasnikov\.m2\repository\org\bytedeco\javacpp\1.5.9\javacpp-1.5.9-linux-armhf.jar;C:\Users\Myasnikov\.m2\repository\org\bytedeco\javacpp\1.5.9\javacpp-1.5.9-linux-arm64.jar;C:\Users\Myasnikov\.m2\repository\org\bytedeco\javacpp\1.5.9\javacpp-1.5.9-linux-ppc64le.jar;C:\Users\Myasnikov\.m2\repository\org\bytedeco\javacpp\1.5.9\javacpp-1.5.9-linux-x86.jar;C:\Users\Myasnikov\.m2\repository\org\bytedeco\javacpp\1.5.9\javacpp-1.5.9-linux-x86_64.jar;C:\Users\Myasnikov\.m2\repository\org\bytedeco\javacpp\1.5.9\javacpp-1.5.9-macosx-arm64.jar;C:\Users\Myasnikov\.m2\repository\org\bytedeco\javacpp\1.5.9\javacpp-1.5.9-macosx-x86_64.jar;C:\Users\Myasnikov\.m2\repository\org\bytedeco\javacpp\1.5.9\javacpp-1.5.9-windows-x86.jar;C:\Users\Myasnikov\.m2\repository\org\bytedeco\javacpp\1.5.9\javacpp-1.5.9-windows-x86_64.jar;C:\Users\Myasnikov\.m2\repository\org\bytedeco\openblas\0.3.23-1.5.9\openblas-0.3.23-1.5.9-android-arm.jar;C:\Users\Myasnikov\.m2\repository\org\bytedeco\openblas\0.3.23-1.5.9\openblas-0.3.23-1.5.9-android-arm64.jar;C:\Users\Myasnikov\.m2\repository\org\bytedeco\openblas\0.3.23-1.5.9\openblas-0.3.23-1.5.9-android-x86.jar;C:\Users\Myasnikov\.m2\repository\org\bytedeco\openblas\0.3.23-1.5.9\openblas-0.3.23-1.5.9-android-x86_64.jar;C:\Users\Myasnikov\.m2\repository\org\bytedeco\openblas\0.3.23-1.5.9\openblas-0.3.23-1.5.9-ios-arm64.jar;C:\Users\Myasnikov\.m2\repository\org\bytedeco\openblas\0.3.23-1.5.9\openblas-0.3.23-1.5.9-ios-x86_64.jar;C:\Users\Myasnikov\.m2\repository\org\bytedeco\openblas\0.3.23-1.5.9\openblas-0.3.23-1.5.9-linux-x86.jar;C:\Users\Myasnikov\.m2\repository\org\bytedeco\openblas\0.3.23-1.5.9\openblas-0.3.23-1.5.9-linux-x86_64.jar;C:\Users\Myasnikov\.m2\repository\org\bytedeco\openblas\0.3.23-1.5.9\openblas-0.3.23-1.5.9-linux-armhf.jar;C:\Users\Myasnikov\.m2\repository\org\bytedeco\openblas\0.3.23-1.5.9\openblas-0.3.23-1.5.9-linux-arm64.jar;C:\Users\Myasnikov\.m2\repository\org\bytedeco\openblas\0.3.23-1.5.9\openblas-0.3.23-1.5.9-linux-ppc64le.jar;C:\Users\Myasnikov\.m2\repository\org\bytedeco\openblas\0.3.23-1.5.9\openblas-0.3.23-1.5.9-macosx-arm64.jar;C:\Users\Myasnikov\.m2\repository\org\bytedeco\openblas\0.3.23-1.5.9\openblas-0.3.23-1.5.9-macosx-x86_64.jar;C:\Users\Myasnikov\.m2\repository\org\bytedeco\openblas\0.3.23-1.5.9\openblas-0.3.23-1.5.9-windows-x86.jar;C:\Users\Myasnikov\.m2\repository\org\bytedeco\openblas\0.3.23-1.5.9\openblas-0.3.23-1.5.9-windows-x86_64.jar;C:\Users\Myasnikov\.m2\repository\org\bytedeco\ffmpeg-platform\6.0-1.5.9\ffmpeg-platform-6.0-1.5.9.jar;C:\Users\Myasnikov\.m2\repository\org\bytedeco\ffmpeg\6.0-1.5.9\ffmpeg-6.0-1.5.9-android-arm.jar;C:\Users\Myasnikov\.m2\repository\org\bytedeco\ffmpeg\6.0-1.5.9\ffmpeg-6.0-1.5.9-android-arm64.jar;C:\Users\Myasnikov\.m2\repository\org\bytedeco\ffmpeg\6.0-1.5.9\ffmpeg-6.0-1.5.9-android-x86.jar;C:\Users\Myasnikov\.m2\repository\org\bytedeco\ffmpeg\6.0-1.5.9\ffmpeg-6.0-1.5.9-android-x86_64.jar;C:\Users\Myasnikov\.m2\repository\org\bytedeco\ffmpeg\6.0-1.5.9\ffmpeg-6.0-1.5.9-linux-x86.jar;C:\Users\Myasnikov\.m2\repository\org\bytedeco\ffmpeg\6.0-1.5.9\ffmpeg-6.0-1.5.9-linux-x86_64.jar;C:\Users\Myasnikov\.m2\repository\org\bytedeco\ffmpeg\6.0-1.5.9\ffmpeg-6.0-1.5.9-linux-armhf.jar;C:\Users\Myasnikov\.m2\repository\org\bytedeco\ffmpeg\6.0-1.5.9\ffmpeg-6.0-1.5.9-linux-arm64.jar;C:\Users\Myasnikov\.m2\repository\org\bytedeco\ffmpeg\6.0-1.5.9\ffmpeg-6.0-1.5.9-linux-ppc64le.jar;C:\Users\Myasnikov\.m2\repository\org\bytedeco\ffmpeg\6.0-1.5.9\ffmpeg-6.0-1.5.9-macosx-arm64.jar;C:\Users\Myasnikov\.m2\repository\org\bytedeco\ffmpeg\6.0-1.5.9\ffmpeg-6.0-1.5.9-macosx-x86_64.jar;C:\Users\Myasnikov\.m2\repository\org\bytedeco\ffmpeg\6.0-1.5.9\ffmpeg-6.0-1.5.9-windows-x86.jar;C:\Users\Myasnikov\.m2\repository\org\bytedeco\ffmpeg\6.0-1.5.9\ffmpeg-6.0-1.5.9-windows-x86_64.jar;C:\Users\Myasnikov\.m2\repository\org\bytedeco\flycapture-platform\2.13.3.31-1.5.9\flycapture-platform-2.13.3.31-1.5.9.jar;C:\Users\Myasnikov\.m2\repository\org\bytedeco\flycapture\2.13.3.31-1.5.9\flycapture-2.13.3.31-1.5.9-linux-x86.jar;C:\Users\Myasnikov\.m2\repository\org\bytedeco\flycapture\2.13.3.31-1.5.9\flycapture-2.13.3.31-1.5.9-linux-x86_64.jar;C:\Users\Myasnikov\.m2\repository\org\bytedeco\flycapture\2.13.3.31-1.5.9\flycapture-2.13.3.31-1.5.9-linux-armhf.jar;C:\Users\Myasnikov\.m2\repository\org\bytedeco\flycapture\2.13.3.31-1.5.9\flycapture-2.13.3.31-1.5.9-linux-arm64.jar;C:\Users\Myasnikov\.m2\repository\org\bytedeco\flycapture\2.13.3.31-1.5.9\flycapture-2.13.3.31-1.5.9-windows-x86.jar;C:\Users\Myasnikov\.m2\repository\org\bytedeco\flycapture\2.13.3.31-1.5.9\flycapture-2.13.3.31-1.5.9-windows-x86_64.jar;C:\Users\Myasnikov\.m2\repository\org\bytedeco\libdc1394-platform\2.2.6-1.5.9\libdc1394-platform-2.2.6-1.5.9.jar;C:\Users\Myasnikov\.m2\repository\org\bytedeco\libdc1394\2.2.6-1.5.9\libdc1394-2.2.6-1.5.9-linux-x86.jar;C:\Users\Myasnikov\.m2\repository\org\bytedeco\libdc1394\2.2.6-1.5.9\libdc1394-2.2.6-1.5.9-linux-x86_64.jar;C:\Users\Myasnikov\.m2\repository\org\bytedeco\libdc1394\2.2.6-1.5.9\libdc1394-2.2.6-1.5.9-linux-armhf.jar;C:\Users\Myasnikov\.m2\repository\org\bytedeco\libdc1394\2.2.6-1.5.9\libdc1394-2.2.6-1.5.9-linux-arm64.jar;C:\Users\Myasnikov\.m2\repository\org\bytedeco\libdc1394\2.2.6-1.5.9\libdc1394-2.2.6-1.5.9-linux-ppc64le.jar;C:\Users\Myasnikov\.m2\repository\org\bytedeco\libdc1394\2.2.6-1.5.9\libdc1394-2.2.6-1.5.9-macosx-x86_64.jar;C:\Users\Myasnikov\.m2\repository\org\bytedeco\libdc1394\2.2.6-1.5.9\libdc1394-2.2.6-1.5.9-windows-x86.jar;C:\Users\Myasnikov\.m2\repository\org\bytedeco\libdc1394\2.2.6-1.5.9\libdc1394-2.2.6-1.5.9-windows-x86_64.jar;C:\Users\Myasnikov\.m2\repository\org\bytedeco\libfreenect-platform\0.5.7-1.5.9\libfreenect-platform-0.5.7-1.5.9.jar;C:\Users\Myasnikov\.m2\repository\org\bytedeco\libfreenect\0.5.7-1.5.9\libfreenect-0.5.7-1.5.9-linux-x86.jar;C:\Users\Myasnikov\.m2\repository\org\bytedeco\libfreenect\0.5.7-1.5.9\libfreenect-0.5.7-1.5.9-linux-x86_64.jar;C:\Users\Myasnikov\.m2\repository\org\bytedeco\libfreenect\0.5.7-1.5.9\libfreenect-0.5.7-1.5.9-linux-armhf.jar;C:\Users\Myasnikov\.m2\repository\org\bytedeco\libfreenect\0.5.7-1.5.9\libfreenect-0.5.7-1.5.9-linux-arm64.jar;C:\Users\Myasnikov\.m2\repository\org\bytedeco\libfreenect\0.5.7-1.5.9\libfreenect-0.5.7-1.5.9-linux-ppc64le.jar;C:\Users\Myasnikov\.m2\repository\org\bytedeco\libfreenect\0.5.7-1.5.9\libfreenect-0.5.7-1.5.9-macosx-x86_64.jar;C:\Users\Myasnikov\.m2\repository\org\bytedeco\libfreenect\0.5.7-1.5.9\libfreenect-0.5.7-1.5.9-windows-x86.jar;C:\Users\Myasnikov\.m2\repository\org\bytedeco\libfreenect\0.5.7-1.5.9\libfreenect-0.5.7-1.5.9-windows-x86_64.jar;C:\Users\Myasnikov\.m2\repository\org\bytedeco\libfreenect2-platform\0.2.0-1.5.9\libfreenect2-platform-0.2.0-1.5.9.jar;C:\Users\Myasnikov\.m2\repository\org\bytedeco\libfreenect2\0.2.0-1.5.9\libfreenect2-0.2.0-1.5.9-linux-x86.jar;C:\Users\Myasnikov\.m2\repository\org\bytedeco\libfreenect2\0.2.0-1.5.9\libfreenect2-0.2.0-1.5.9-linux-x86_64.jar;C:\Users\Myasnikov\.m2\repository\org\bytedeco\libfreenect2\0.2.0-1.5.9\libfreenect2-0.2.0-1.5.9-macosx-x86_64.jar;C:\Users\Myasnikov\.m2\repository\org\bytedeco\libfreenect2\0.2.0-1.5.9\libfreenect2-0.2.0-1.5.9-windows-x86_64.jar;C:\Users\Myasnikov\.m2\repository\org\bytedeco\librealsense-platform\1.12.4-1.5.9\librealsense-platform-1.12.4-1.5.9.jar;C:\Users\Myasnikov\.m2\repository\org\bytedeco\librealsense\1.12.4-1.5.9\librealsense-1.12.4-1.5.9-linux-armhf.jar;C:\Users\Myasnikov\.m2\repository\org\bytedeco\librealsense\1.12.4-1.5.9\librealsense-1.12.4-1.5.9-linux-arm64.jar;C:\Users\Myasnikov\.m2\repository\org\bytedeco\librealsense\1.12.4-1.5.9\librealsense-1.12.4-1.5.9-linux-x86.jar;C:\Users\Myasnikov\.m2\repository\org\bytedeco\librealsense\1.12.4-1.5.9\librealsense-1.12.4-1.5.9-linux-x86_64.jar;C:\Users\Myasnikov\.m2\repository\org\bytedeco\librealsense\1.12.4-1.5.9\librealsense-1.12.4-1.5.9-macosx-x86_64.jar;C:\Users\Myasnikov\.m2\repository\org\bytedeco\librealsense\1.12.4-1.5.9\librealsense-1.12.4-1.5.9-windows-x86.jar;C:\Users\Myasnikov\.m2\repository\org\bytedeco\librealsense\1.12.4-1.5.9\librealsense-1.12.4-1.5.9-windows-x86_64.jar;C:\Users\Myasnikov\.m2\repository\org\bytedeco\librealsense2-platform\2.53.1-1.5.9\librealsense2-platform-2.53.1-1.5.9.jar;C:\Users\Myasnikov\.m2\repository\org\bytedeco\librealsense2\2.53.1-1.5.9\librealsense2-2.53.1-1.5.9-linux-armhf.jar;C:\Users\Myasnikov\.m2\repository\org\bytedeco\librealsense2\2.53.1-1.5.9\librealsense2-2.53.1-1.5.9-linux-arm64.jar;C:\Users\Myasnikov\.m2\repository\org\bytedeco\librealsense2\2.53.1-1.5.9\librealsense2-2.53.1-1.5.9-linux-x86.jar;C:\Users\Myasnikov\.m2\repository\org\bytedeco\librealsense2\2.53.1-1.5.9\librealsense2-2.53.1-1.5.9-linux-x86_64.jar;C:\Users\Myasnikov\.m2\repository\org\bytedeco\librealsense2\2.53.1-1.5.9\librealsense2-2.53.1-1.5.9-macosx-x86_64.jar;C:\Users\Myasnikov\.m2\repository\org\bytedeco\librealsense2\2.53.1-1.5.9\librealsense2-2.53.1-1.5.9-windows-x86.jar;C:\Users\Myasnikov\.m2\repository\org\bytedeco\librealsense2\2.53.1-1.5.9\librealsense2-2.53.1-1.5.9-windows-x86_64.jar;C:\Users\Myasnikov\.m2\repository\org\bytedeco\videoinput-platform\0.200-1.5.9\videoinput-platform-0.200-1.5.9.jar;C:\Users\Myasnikov\.m2\repository\org\bytedeco\videoinput\0.200-1.5.9\videoinput-0.200-1.5.9-windows-x86.jar;C:\Users\Myasnikov\.m2\repository\org\bytedeco\videoinput\0.200-1.5.9\videoinput-0.200-1.5.9-windows-x86_64.jar;C:\Users\Myasnikov\.m2\repository\org\bytedeco\artoolkitplus-platform\2.3.1-1.5.9\artoolkitplus-platform-2.3.1-1.5.9.jar;C:\Users\Myasnikov\.m2\repository\org\bytedeco\artoolkitplus\2.3.1-1.5.9\artoolkitplus-2.3.1-1.5.9-android-arm.jar;C:\Users\Myasnikov\.m2\repository\org\bytedeco\artoolkitplus\2.3.1-1.5.9\artoolkitplus-2.3.1-1.5.9-android-arm64.jar;C:\Users\Myasnikov\.m2\repository\org\bytedeco\artoolkitplus\2.3.1-1.5.9\artoolkitplus-2.3.1-1.5.9-android-x86.jar;C:\Users\Myasnikov\.m2\repository\org\bytedeco\artoolkitplus\2.3.1-1.5.9\artoolkitplus-2.3.1-1.5.9-android-x86_64.jar;C:\Users\Myasnikov\.m2\repository\org\bytedeco\artoolkitplus\2.3.1-1.5.9\artoolkitplus-2.3.1-1.5.9-linux-x86.jar;C:\Users\Myasnikov\.m2\repository\org\bytedeco\artoolkitplus\2.3.1-1.5.9\artoolkitplus-2.3.1-1.5.9-linux-x86_64.jar;C:\Users\Myasnikov\.m2\repository\org\bytedeco\artoolkitplus\2.3.1-1.5.9\artoolkitplus-2.3.1-1.5.9-linux-armhf.jar;C:\Users\Myasnikov\.m2\repository\org\bytedeco\artoolkitplus\2.3.1-1.5.9\artoolkitplus-2.3.1-1.5.9-linux-arm64.jar;C:\Users\Myasnikov\.m2\repository\org\bytedeco\artoolkitplus\2.3.1-1.5.9\artoolkitplus-2.3.1-1.5.9-linux-ppc64le.jar;C:\Users\Myasnikov\.m2\repository\org\bytedeco\artoolkitplus\2.3.1-1.5.9\artoolkitplus-2.3.1-1.5.9-macosx-x86_64.jar;C:\Users\Myasnikov\.m2\repository\org\bytedeco\artoolkitplus\2.3.1-1.5.9\artoolkitplus-2.3.1-1.5.9-windows-x86.jar;C:\Users\Myasnikov\.m2\repository\org\bytedeco\artoolkitplus\2.3.1-1.5.9\artoolkitplus-2.3.1-1.5.9-windows-x86_64.jar;C:\Users\Myasnikov\.m2\repository\org\bytedeco\leptonica-platform\1.83.0-1.5.9\leptonica-platform-1.83.0-1.5.9.jar;C:\Users\Myasnikov\.m2\repository\org\bytedeco\leptonica\1.83.0-1.5.9\leptonica-1.83.0-1.5.9-android-arm.jar;C:\Users\Myasnikov\.m2\repository\org\bytedeco\leptonica\1.83.0-1.5.9\leptonica-1.83.0-1.5.9-android-arm64.jar;C:\Users\Myasnikov\.m2\repository\org\bytedeco\leptonica\1.83.0-1.5.9\leptonica-1.83.0-1.5.9-android-x86.jar;C:\Users\Myasnikov\.m2\repository\org\bytedeco\leptonica\1.83.0-1.5.9\leptonica-1.83.0-1.5.9-android-x86_64.jar;C:\Users\Myasnikov\.m2\repository\org\bytedeco\leptonica\1.83.0-1.5.9\leptonica-1.83.0-1.5.9-linux-x86.jar;C:\Users\Myasnikov\.m2\repository\org\bytedeco\leptonica\1.83.0-1.5.9\leptonica-1.83.0-1.5.9-linux-x86_64.jar;C:\Users\Myasnikov\.m2\repository\org\bytedeco\leptonica\1.83.0-1.5.9\leptonica-1.83.0-1.5.9-linux-armhf.jar;C:\Users\Myasnikov\.m2\repository\org\bytedeco\leptonica\1.83.0-1.5.9\leptonica-1.83.0-1.5.9-linux-arm64.jar;C:\Users\Myasnikov\.m2\repository\org\bytedeco\leptonica\1.83.0-1.5.9\leptonica-1.83.0-1.5.9-linux-ppc64le.jar;C:\Users\Myasnikov\.m2\repository\org\bytedeco\leptonica\1.83.0-1.5.9\leptonica-1.83.0-1.5.9-macosx-arm64.jar;C:\Users\Myasnikov\.m2\repository\org\bytedeco\leptonica\1.83.0-1.5.9\leptonica-1.83.0-1.5.9-macosx-x86_64.jar;C:\Users\Myasnikov\.m2\repository\org\bytedeco\leptonica\1.83.0-1.5.9\leptonica-1.83.0-1.5.9-windows-x86.jar;C:\Users\Myasnikov\.m2\repository\org\bytedeco\leptonica\1.83.0-1.5.9\leptonica-1.83.0-1.5.9-windows-x86_64.jar;C:\Users\Myasnikov\.m2\repository\org\bytedeco\tesseract-platform\5.3.1-1.5.9\tesseract-platform-5.3.1-1.5.9.jar;C:\Users\Myasnikov\.m2\repository\org\bytedeco\tesseract\5.3.1-1.5.9\tesseract-5.3.1-1.5.9-android-arm.jar;C:\Users\Myasnikov\.m2\repository\org\bytedeco\tesseract\5.3.1-1.5.9\tesseract-5.3.1-1.5.9-android-arm64.jar;C:\Users\Myasnikov\.m2\repository\org\bytedeco\tesseract\5.3.1-1.5.9\tesseract-5.3.1-1.5.9-android-x86.jar;C:\Users\Myasnikov\.m2\repository\org\bytedeco\tesseract\5.3.1-1.5.9\tesseract-5.3.1-1.5.9-android-x86_64.jar;C:\Users\Myasnikov\.m2\repository\org\bytedeco\tesseract\5.3.1-1.5.9\tesseract-5.3.1-1.5.9-linux-x86.jar;C:\Users\Myasnikov\.m2\repository\org\bytedeco\tesseract\5.3.1-1.5.9\tesseract-5.3.1-1.5.9-linux-x86_64.jar;C:\Users\Myasnikov\.m2\repository\org\bytedeco\tesseract\5.3.1-1.5.9\tesseract-5.3.1-1.5.9-linux-armhf.jar;C:\Users\Myasnikov\.m2\repository\org\bytedeco\tesseract\5.3.1-1.5.9\tesseract-5.3.1-1.5.9-linux-arm64.jar;C:\Users\Myasnikov\.m2\repository\org\bytedeco\tesseract\5.3.1-1.5.9\tesseract-5.3.1-1.5.9-linux-ppc64le.jar;C:\Users\Myasnikov\.m2\repository\org\bytedeco\tesseract\5.3.1-1.5.9\tesseract-5.3.1-1.5.9-macosx-arm64.jar;C:\Users\Myasnikov\.m2\repository\org\bytedeco\tesseract\5.3.1-1.5.9\tesseract-5.3.1-1.5.9-macosx-x86_64.jar;C:\Users\Myasnikov\.m2\repository\org\bytedeco\tesseract\5.3.1-1.5.9\tesseract-5.3.1-1.5.9-windows-x86.jar;C:\Users\Myasnikov\.m2\repository\org\bytedeco\tesseract\5.3.1-1.5.9\tesseract-5.3.1-1.5.9-windows-x86_64.jar;C:\Users\Myasnikov\.m2\repository\org\bytedeco\opencv-platform\4.7.0-1.5.9\opencv-platform-4.7.0-1.5.9.jar;C:\Users\Myasnikov\.m2\repository\org\bytedeco\opencv\4.7.0-1.5.9\opencv-4.7.0-1.5.9.jar;C:\Users\Myasnikov\.m2\repository\org\bytedeco\opencv\4.7.0-1.5.9\opencv-4.7.0-1.5.9-android-arm.jar;C:\Users\Myasnikov\.m2\repository\org\bytedeco\opencv\4.7.0-1.5.9\opencv-4.7.0-1.5.9-android-arm64.jar;C:\Users\Myasnikov\.m2\repository\org\bytedeco\opencv\4.7.0-1.5.9\opencv-4.7.0-1.5.9-android-x86.jar;C:\Users\Myasnikov\.m2\repository\org\bytedeco\opencv\4.7.0-1.5.9\opencv-4.7.0-1.5.9-android-x86_64.jar;C:\Users\Myasnikov\.m2\repository\org\bytedeco\opencv\4.7.0-1.5.9\opencv-4.7.0-1.5.9-ios-arm64.jar;C:\Users\Myasnikov\.m2\repository\org\bytedeco\opencv\4.7.0-1.5.9\opencv-4.7.0-1.5.9-ios-x86_64.jar;C:\Users\Myasnikov\.m2\repository\org\bytedeco\opencv\4.7.0-1.5.9\opencv-4.7.0-1.5.9-linux-x86.jar;C:\Users\Myasnikov\.m2\repository\org\bytedeco\opencv\4.7.0-1.5.9\opencv-4.7.0-1.5.9-linux-x86_64.jar;C:\Users\Myasnikov\.m2\repository\org\bytedeco\opencv\4.7.0-1.5.9\opencv-4.7.0-1.5.9-linux-armhf.jar;C:\Users\Myasnikov\.m2\repository\org\bytedeco\opencv\4.7.0-1.5.9\opencv-4.7.0-1.5.9-linux-arm64.jar;C:\Users\Myasnikov\.m2\repository\org\bytedeco\opencv\4.7.0-1.5.9\opencv-4.7.0-1.5.9-linux-ppc64le.jar;C:\Users\Myasnikov\.m2\repository\org\bytedeco\opencv\4.7.0-1.5.9\opencv-4.7.0-1.5.9-macosx-arm64.jar;C:\Users\Myasnikov\.m2\repository\org\bytedeco\opencv\4.7.0-1.5.9\opencv-4.7.0-1.5.9-macosx-x86_64.jar;C:\Users\Myasnikov\.m2\repository\org\bytedeco\opencv\4.7.0-1.5.9\opencv-4.7.0-1.5.9-windows-x86.jar;C:\Users\Myasnikov\.m2\repository\org\bytedeco\opencv\4.7.0-1.5.9\opencv-4.7.0-1.5.9-windows-x86_64.jar
Launcher Type: SUN_STANDARD

[Global flags]
     intx CICompilerCount                          = 3                                         {product} {ergonomic}
     uint ConcGCThreads                            = 1                                         {product} {ergonomic}
     uint G1ConcRefinementThreads                  = 4                                         {product} {ergonomic}
   size_t G1HeapRegionSize                         = 2097152                                   {product} {ergonomic}
    uintx GCDrainStackTargetSize                   = 64                                        {product} {ergonomic}
   size_t InitialHeapSize                          = 264241152                                 {product} {ergonomic}
   size_t MarkStackSize                            = 4194304                                   {product} {ergonomic}
   size_t MaxHeapSize                              = 4227858432                                {product} {ergonomic}
   size_t MaxNewSize                               = 2535456768                                {product} {ergonomic}
   size_t MinHeapDeltaBytes                        = 2097152                                   {product} {ergonomic}
   size_t MinHeapSize                              = 8388608                                   {product} {ergonomic}
    uintx NonNMethodCodeHeapSize                   = 5832780                                {pd product} {ergonomic}
    uintx NonProfiledCodeHeapSize                  = 122912730                              {pd product} {ergonomic}
    uintx ProfiledCodeHeapSize                     = 122912730                              {pd product} {ergonomic}
    uintx ReservedCodeCacheSize                    = 251658240                              {pd product} {ergonomic}
     bool SegmentedCodeCache                       = true                                      {product} {ergonomic}
   size_t SoftMaxHeapSize                          = 4227858432                             {manageable} {ergonomic}
     bool UseCompressedOops                        = true                           {product lp64_product} {ergonomic}
     bool UseG1GC                                  = true                                      {product} {ergonomic}
     bool UseLargePagesIndividualAllocation        = false                                  {pd product} {ergonomic}

Logging:
Log output configuration:
 #0: stdout all=warning uptime,level,tags foldmultilines=false
 #1: stderr all=off uptime,level,tags foldmultilines=false

Environment Variables:
JAVA_HOME=C:\Java\AxiomJDK-Pro-24\
PATH=C:\Windows\system32;C:\Windows;C:\Windows\System32\Wbem;C:\Windows\System32\WindowsPowerShell\v1.0\;C:\Program Files\Git\cmd;C:\Program Files\GitExtensions\;C:\Program Files\dotnet\;C:\Program Files (x86)\Bitvise SSH Client;C:\Program Files\Docker\Docker\resources\bin;C:\ProgramData\DockerDesktop\version-bin;C:\Java\AxiomJDK-21\bin;C:\instantclient_19_6;C:\php7;C:\Users\Myasnikov\AppData\Local\Microsoft\WindowsApps;C:\AppServ\Apache24\bin;C:\AppServ\php7;C:\JetBrains\IntelliJ IDEA 2025.1\bin;;C:\Program Files\JetBrains\PyCharm Community Edition 2020.1.1\bin;
USERNAME=Myasnikov
OS=Windows_NT
PROCESSOR_IDENTIFIER=Intel64 Family 6 Model 190 Stepping 0, GenuineIntel
TMP=C:\Users\Myasnikov\AppData\Local\Temp
TEMP=C:\Users\Myasnikov\AppData\Local\Temp




Periodic native trim disabled

---------------  S Y S T E M  ---------------

OS:
 Windows 10 , 64 bit Build 19041 (10.0.19041.5915)
OS uptime: 0 days 13:45 hours
Hyper-V role detected

CPU: total 4 (initial active 4) (4 cores per cpu, 1 threads per core) family 6 model 190 stepping 0 microcode 0xe, cx8, cmov, fxsr, mmx, 3dnowpref, sse, sse2, sse3, ssse3, sse4.1, sse4.2, popcnt, lzcnt, tsc, tscinvbit, avx, avx2, aes, erms, clmul, bmi1, bmi2, adx, sha, fma, vzeroupper, clflush, clflushopt, clwb, hv, rdtscp, rdpid, fsrm, f16c, cet_ibt, cet_ss
Processor Information for all 4 processors :
  Max Mhz: 1700, Current Mhz: 1700, Mhz Limit: 1700

Memory: 4k page, system-wide physical 16123M (1250M free)
TotalPageFile size 32355M (AvailPageFile size 4034M)
current process WorkingSet (physical memory assigned to process): 213M, peak: 330M
current process commit charge ("private bytes"): 1005M, peak: 1130M

vm_info: OpenJDK 64-Bit Server VM (21.0.5+11-LTS) for windows-amd64 JRE (21.0.5+11-LTS), built on 2024-10-13T20:01:48Z by "hudson" with MS VC++ 17.1 (VS2022)

END.
